TN:
SF:/Applications/Xcode.app/Contents/Developer/Toolchains/XcodeDefault.xctoolchain/usr/include/c++/v1/__locale
FN:236,_ZNSt3__19use_facetINS_5ctypeIcEEEERKT_RKNS_6localeE
FN:651,_ZNKSt3__15ctypeIcE5widenEc
FNDA:0,_ZNSt3__19use_facetINS_5ctypeIcEEEERKT_RKNS_6localeE
FNDA:0,_ZNKSt3__15ctypeIcE5widenEc
FNF:2
FNH:0
DA:238,0
DA:653,0
LF:2
LH:0
end_of_record
SF:/Applications/Xcode.app/Contents/Developer/Toolchains/XcodeDefault.xctoolchain/usr/include/c++/v1/__nullptr
FN:31,_ZNSt3__19nullptr_tC2EMNS0_5__natEi
FN:31,_ZNSt3__19nullptr_tC1EMNS0_5__natEi
FN:37,_ZNKSt3__19nullptr_tcvPT_INS_15basic_streambufIcNS_11char_traitsIcEEEEEEv
FN:47,_ZNSt3__115__get_nullptr_tEv
FNDA:0,_ZNSt3__19nullptr_tC1EMNS0_5__natEi
FNDA:0,_ZNSt3__19nullptr_tC2EMNS0_5__natEi
FNDA:0,_ZNKSt3__19nullptr_tcvPT_INS_15basic_streambufIcNS_11char_traitsIcEEEEEEv
FNDA:0,_ZNSt3__115__get_nullptr_tEv
FNF:4
FNH:0
DA:31,0
DA:37,0
DA:47,0
LF:3
LH:0
end_of_record
SF:/Applications/Xcode.app/Contents/Developer/Toolchains/XcodeDefault.xctoolchain/usr/include/c++/v1/__string
FN:208,_ZNSt3__111char_traitsIcE6assignERcRKc
FN:217,_ZNSt3__111char_traitsIcE6lengthEPKc
FN:227,_ZNSt3__111char_traitsIcE6assignEPcmc
FN:234,_ZNSt3__111char_traitsIcE11to_int_typeEc
FN:236,_ZNSt3__111char_traitsIcE11eq_int_typeEii
FN:238,_ZNSt3__111char_traitsIcE3eofEv
FNDA:0,_ZNSt3__111char_traitsIcE6assignERcRKc
FNDA:0,_ZNSt3__111char_traitsIcE6lengthEPKc
FNDA:0,_ZNSt3__111char_traitsIcE6assignEPcmc
FNDA:0,_ZNSt3__111char_traitsIcE11to_int_typeEc
FNDA:0,_ZNSt3__111char_traitsIcE11eq_int_typeEii
FNDA:0,_ZNSt3__111char_traitsIcE3eofEv
FNF:6
FNH:0
DA:208,0
DA:217,0
DA:228,0
DA:235,0
DA:237,0
DA:239,0
LF:6
LH:0
end_of_record
SF:/Applications/Xcode.app/Contents/Developer/Toolchains/XcodeDefault.xctoolchain/usr/include/c++/v1/ios
FN:340,_ZNKSt3__18ios_base5rdbufEv
FN:440,_ZNKSt3__18ios_base5flagsEv
FN:502,_ZNKSt3__18ios_base5widthEv
FN:509,_ZNSt3__18ios_base5widthEl
FN:527,_ZNSt3__18ios_base8setstateEj
FN:611,_ZNSt3__19basic_iosIcNS_11char_traitsIcEEE8setstateEj
FN:716,_ZNKSt3__19basic_iosIcNS_11char_traitsIcEEE5rdbufEv
FN:754,_ZNKSt3__19basic_iosIcNS_11char_traitsIcEEE5widenEc
FN:762,_ZNKSt3__19basic_iosIcNS_11char_traitsIcEEE4fillEv
FNDA:0,_ZNKSt3__18ios_base5rdbufEv
FNDA:0,_ZNKSt3__18ios_base5flagsEv
FNDA:0,_ZNKSt3__18ios_base5widthEv
FNDA:0,_ZNSt3__18ios_base5widthEl
FNDA:0,_ZNSt3__18ios_base8setstateEj
FNDA:0,_ZNSt3__19basic_iosIcNS_11char_traitsIcEEE8setstateEj
FNDA:0,_ZNKSt3__19basic_iosIcNS_11char_traitsIcEEE5rdbufEv
FNDA:0,_ZNKSt3__19basic_iosIcNS_11char_traitsIcEEE5widenEc
FNDA:0,_ZNKSt3__19basic_iosIcNS_11char_traitsIcEEE4fillEv
FNF:9
FNH:0
DA:340,0
DA:442,0
DA:504,0
DA:511,0
DA:512,0
DA:513,0
DA:529,0
DA:530,0
DA:611,0
DA:718,0
DA:756,0
DA:757,0
DA:764,0
DA:765,0
DA:766,0
LF:15
LH:0
end_of_record
SF:/Applications/Xcode.app/Contents/Developer/Toolchains/XcodeDefault.xctoolchain/usr/include/c++/v1/iterator
FN:1049,_ZNSt3__119ostreambuf_iteratorIcNS_11char_traitsIcEEEC2ERNS_13basic_ostreamIcS2_EE
FN:1049,_ZNSt3__119ostreambuf_iteratorIcNS_11char_traitsIcEEEC1ERNS_13basic_ostreamIcS2_EE
FN:1062,_ZNKSt3__119ostreambuf_iteratorIcNS_11char_traitsIcEEE6failedEv
FNDA:0,_ZNSt3__119ostreambuf_iteratorIcNS_11char_traitsIcEEEC1ERNS_13basic_ostreamIcS2_EE
FNDA:0,_ZNSt3__119ostreambuf_iteratorIcNS_11char_traitsIcEEEC2ERNS_13basic_ostreamIcS2_EE
FNDA:0,_ZNKSt3__119ostreambuf_iteratorIcNS_11char_traitsIcEEE6failedEv
FNF:3
FNH:0
DA:1050,0
DA:1062,0
LF:2
LH:0
end_of_record
SF:/Applications/Xcode.app/Contents/Developer/Toolchains/XcodeDefault.xctoolchain/usr/include/c++/v1/locale
FN:1381,_ZNSt3__116__pad_and_outputIcNS_11char_traitsIcEEEENS_19ostreambuf_iteratorIT_T0_EES6_PKS4_S8_S8_RNS_8ios_baseES4_
FNDA:0,_ZNSt3__116__pad_and_outputIcNS_11char_traitsIcEEEENS_19ostreambuf_iteratorIT_T0_EES6_PKS4_S8_S8_RNS_8ios_baseES4_
FNF:1
FNH:0
DA:1385,0
DA:1386,0
DA:1387,0
DA:1388,0
DA:1389,0
DA:1390,0
DA:1393,0
DA:1394,0
DA:1396,0
DA:1398,0
DA:1399,0
DA:1402,0
DA:1404,0
DA:1405,0
DA:1407,0
DA:1408,0
DA:1410,0
DA:1411,0
DA:1412,0
DA:1414,0
DA:1416,0
DA:1417,0
DA:1420,0
DA:1421,0
DA:1422,0
LF:25
LH:0
end_of_record
SF:/Applications/Xcode.app/Contents/Developer/Toolchains/XcodeDefault.xctoolchain/usr/include/c++/v1/memory
FN:986,_ZNSt3__114pointer_traitsIPKcE10pointer_toERS1_
FN:986,_ZNSt3__114pointer_traitsIPcE10pointer_toERc
FN:1104,_ZNSt3__116__to_raw_pointerIKcEEPT_S3_
FN:1104,_ZNSt3__116__to_raw_pointerIcEEPT_S2_
FN:1546,_ZNSt3__116allocator_traitsINS_9allocatorIcEEE8allocateERS2_m
FN:1554,_ZNSt3__116allocator_traitsINS_9allocatorIcEEE10deallocateERS2_Pcm
FN:1598,_ZNSt3__116allocator_traitsINS_9allocatorIcEEE8max_sizeERKS2_
FN:1736,_ZNSt3__116allocator_traitsINS_9allocatorIcEEE10__max_sizeENS_17integral_constantIbLb1EEERKS2_
FN:1781,_ZNSt3__19allocatorIcEC2Ev
FN:1788,_ZNSt3__19allocatorIcE8allocateEmPKv
FN:1795,_ZNSt3__19allocatorIcE10deallocateEPcm
FN:1797,_ZNKSt3__19allocatorIcE8max_sizeEv
FN:2105,_ZNSt3__122__compressed_pair_elemINS_12basic_stringIcNS_11char_traitsIcEENS_9allocatorIcEEE5__repELi0ELb0EEC2Ev
FN:2110,_ZNSt3__122__compressed_pair_elemINS_12basic_stringIcNS_11char_traitsIcEENS_9allocatorIcEEE5__repELi0ELb0EE5__getEv
FN:2112,_ZNKSt3__122__compressed_pair_elemINS_12basic_stringIcNS_11char_traitsIcEENS_9allocatorIcEEE5__repELi0ELb0EE5__getEv
FN:2142,_ZNSt3__122__compressed_pair_elemINS_9allocatorIcEELi1ELb1EEC2Ev
FN:2148,_ZNSt3__122__compressed_pair_elemINS_9allocatorIcEELi1ELb1EE5__getEv
FN:2150,_ZNKSt3__122__compressed_pair_elemINS_9allocatorIcEELi1ELb1EE5__getEv
FN:2210,_ZNSt3__117__compressed_pairINS_12basic_stringIcNS_11char_traitsIcEENS_9allocatorIcEEE5__repES5_EC1Ev
FN:2210,_ZNSt3__117__compressed_pairINS_12basic_stringIcNS_11char_traitsIcEENS_9allocatorIcEEE5__repES5_EC2Ev
FN:2225,_ZNSt3__117__compressed_pairINS_12basic_stringIcNS_11char_traitsIcEENS_9allocatorIcEEE5__repES5_E5firstEv
FN:2230,_ZNKSt3__117__compressed_pairINS_12basic_stringIcNS_11char_traitsIcEENS_9allocatorIcEEE5__repES5_E5firstEv
FN:2235,_ZNSt3__117__compressed_pairINS_12basic_stringIcNS_11char_traitsIcEENS_9allocatorIcEEE5__repES5_E6secondEv
FN:2240,_ZNKSt3__117__compressed_pairINS_12basic_stringIcNS_11char_traitsIcEENS_9allocatorIcEEE5__repES5_E6secondEv
FNDA:0,_ZNSt3__114pointer_traitsIPcE10pointer_toERc
FNDA:0,_ZNSt3__114pointer_traitsIPKcE10pointer_toERS1_
FNDA:0,_ZNSt3__116__to_raw_pointerIcEEPT_S2_
FNDA:0,_ZNSt3__116__to_raw_pointerIKcEEPT_S3_
FNDA:0,_ZNSt3__116allocator_traitsINS_9allocatorIcEEE8allocateERS2_m
FNDA:0,_ZNSt3__116allocator_traitsINS_9allocatorIcEEE10deallocateERS2_Pcm
FNDA:0,_ZNSt3__116allocator_traitsINS_9allocatorIcEEE8max_sizeERKS2_
FNDA:0,_ZNSt3__116allocator_traitsINS_9allocatorIcEEE10__max_sizeENS_17integral_constantIbLb1EEERKS2_
FNDA:0,_ZNSt3__19allocatorIcEC2Ev
FNDA:0,_ZNSt3__19allocatorIcE8allocateEmPKv
FNDA:0,_ZNSt3__19allocatorIcE10deallocateEPcm
FNDA:0,_ZNKSt3__19allocatorIcE8max_sizeEv
FNDA:0,_ZNSt3__122__compressed_pair_elemINS_12basic_stringIcNS_11char_traitsIcEENS_9allocatorIcEEE5__repELi0ELb0EEC2Ev
FNDA:0,_ZNSt3__122__compressed_pair_elemINS_12basic_stringIcNS_11char_traitsIcEENS_9allocatorIcEEE5__repELi0ELb0EE5__getEv
FNDA:0,_ZNKSt3__122__compressed_pair_elemINS_12basic_stringIcNS_11char_traitsIcEENS_9allocatorIcEEE5__repELi0ELb0EE5__getEv
FNDA:0,_ZNSt3__122__compressed_pair_elemINS_9allocatorIcEELi1ELb1EEC2Ev
FNDA:0,_ZNSt3__122__compressed_pair_elemINS_9allocatorIcEELi1ELb1EE5__getEv
FNDA:0,_ZNKSt3__122__compressed_pair_elemINS_9allocatorIcEELi1ELb1EE5__getEv
FNDA:0,_ZNSt3__117__compressed_pairINS_12basic_stringIcNS_11char_traitsIcEENS_9allocatorIcEEE5__repES5_EC1Ev
FNDA:0,_ZNSt3__117__compressed_pairINS_12basic_stringIcNS_11char_traitsIcEENS_9allocatorIcEEE5__repES5_EC2Ev
FNDA:0,_ZNSt3__117__compressed_pairINS_12basic_stringIcNS_11char_traitsIcEENS_9allocatorIcEEE5__repES5_E5firstEv
FNDA:0,_ZNKSt3__117__compressed_pairINS_12basic_stringIcNS_11char_traitsIcEENS_9allocatorIcEEE5__repES5_E5firstEv
FNDA:0,_ZNSt3__117__compressed_pairINS_12basic_stringIcNS_11char_traitsIcEENS_9allocatorIcEEE5__repES5_E6secondEv
FNDA:0,_ZNKSt3__117__compressed_pairINS_12basic_stringIcNS_11char_traitsIcEENS_9allocatorIcEEE5__repES5_E6secondEv
FNF:24
FNH:0
DA:988,0
DA:1106,0
DA:1547,0
DA:1555,0
DA:1599,0
DA:1737,0
DA:1781,0
DA:1790,0
DA:1791,0
DA:1793,0
DA:1796,0
DA:1798,0
DA:2105,0
DA:2110,0
DA:2112,0
DA:2142,0
DA:2148,0
DA:2150,0
DA:2210,0
DA:2226,0
DA:2231,0
DA:2236,0
DA:2241,0
LF:23
LH:0
end_of_record
SF:/Applications/Xcode.app/Contents/Developer/Toolchains/XcodeDefault.xctoolchain/usr/include/c++/v1/new
FN:224,_ZNSt3__110__allocateEm
FN:232,_ZNSt3__119__libcpp_deallocateEPv
FNDA:0,_ZNSt3__110__allocateEm
FNDA:0,_ZNSt3__119__libcpp_deallocateEPv
FNF:2
FNH:0
DA:228,0
DA:236,0
DA:238,0
LF:3
LH:0
end_of_record
SF:/Applications/Xcode.app/Contents/Developer/Toolchains/XcodeDefault.xctoolchain/usr/include/c++/v1/ostream
FN:254,_ZNKSt3__113basic_ostreamIcNS_11char_traitsIcEEE6sentrycvbEv
FN:714,_ZNSt3__124__put_character_sequenceIcNS_11char_traitsIcEEEERNS_13basic_ostreamIT_T0_EES7_PKS4_m
FN:862,_ZNSt3__1lsINS_11char_traitsIcEEEERNS_13basic_ostreamIcT_EES6_PKc
FNDA:0,_ZNKSt3__113basic_ostreamIcNS_11char_traitsIcEEE6sentrycvbEv
FNDA:0,_ZNSt3__124__put_character_sequenceIcNS_11char_traitsIcEEEERNS_13basic_ostreamIT_T0_EES7_PKS4_m
FNDA:0,_ZNSt3__1lsINS_11char_traitsIcEEEERNS_13basic_ostreamIcT_EES6_PKc
FNF:3
FNH:0
DA:254,0
DA:721,0
DA:722,0
DA:725,0
DA:727,0
DA:728,0
DA:731,0
DA:732,0
DA:733,0
DA:736,0
DA:739,0
DA:740,0
DA:742,0
DA:743,0
DA:864,0
LF:15
LH:0
end_of_record
SF:/Applications/Xcode.app/Contents/Developer/Toolchains/XcodeDefault.xctoolchain/usr/include/c++/v1/stdexcept
FN:136,_ZNSt12length_errorC1EPKc
FN:136,_ZNSt12length_errorC2EPKc
FN:222,_ZNSt3__120__throw_length_errorEPKc
FNDA:0,_ZNSt12length_errorC1EPKc
FNDA:0,_ZNSt12length_errorC2EPKc
FNDA:0,_ZNSt3__120__throw_length_errorEPKc
FNF:3
FNH:0
DA:136,0
DA:225,0
DA:230,0
LF:3
LH:0
end_of_record
SF:/Applications/Xcode.app/Contents/Developer/Toolchains/XcodeDefault.xctoolchain/usr/include/c++/v1/streambuf
FN:226,_ZNSt3__115basic_streambufIcNS_11char_traitsIcEEE5sputnEPKcl
FNDA:0,_ZNSt3__115basic_streambufIcNS_11char_traitsIcEEE5sputnEPKcl
FNF:1
FNH:0
DA:227,0
LF:1
LH:0
end_of_record
SF:/Applications/Xcode.app/Contents/Developer/Toolchains/XcodeDefault.xctoolchain/usr/include/c++/v1/string
FN:1137,_ZNKSt3__112basic_stringIcNS_11char_traitsIcEENS_9allocatorIcEEE4dataEv
FN:1254,_ZNKSt3__112basic_stringIcNS_11char_traitsIcEENS_9allocatorIcEEE9__is_longEv
FN:1268,_ZNSt3__112basic_stringIcNS_11char_traitsIcEENS_9allocatorIcEEE7__allocEv
FN:1271,_ZNKSt3__112basic_stringIcNS_11char_traitsIcEENS_9allocatorIcEEE7__allocEv
FN:1295,_ZNSt3__112basic_stringIcNS_11char_traitsIcEENS_9allocatorIcEEE16__set_short_sizeEm
FN:1313,_ZNSt3__112basic_stringIcNS_11char_traitsIcEENS_9allocatorIcEEE15__set_long_sizeEm
FN:1323,_ZNSt3__112basic_stringIcNS_11char_traitsIcEENS_9allocatorIcEEE14__set_long_capEm
FN:1326,_ZNKSt3__112basic_stringIcNS_11char_traitsIcEENS_9allocatorIcEEE14__get_long_capEv
FN:1330,_ZNSt3__112basic_stringIcNS_11char_traitsIcEENS_9allocatorIcEEE18__set_long_pointerEPc
FN:1333,_ZNSt3__112basic_stringIcNS_11char_traitsIcEENS_9allocatorIcEEE18__get_long_pointerEv
FN:1336,_ZNKSt3__112basic_stringIcNS_11char_traitsIcEENS_9allocatorIcEEE18__get_long_pointerEv
FN:1339,_ZNSt3__112basic_stringIcNS_11char_traitsIcEENS_9allocatorIcEEE19__get_short_pointerEv
FN:1342,_ZNKSt3__112basic_stringIcNS_11char_traitsIcEENS_9allocatorIcEEE19__get_short_pointerEv
FN:1348,_ZNKSt3__112basic_stringIcNS_11char_traitsIcEENS_9allocatorIcEEE13__get_pointerEv
FN:1361,_ZNSt3__112basic_stringIcNS_11char_traitsIcEENS_9allocatorIcEEE10__align_itILm16EEEmm
FN:1365,_ZNSt3__112basic_stringIcNS_11char_traitsIcEENS_9allocatorIcEEE11__recommendEm
FN:1716,_ZNSt3__112basic_stringIcNS_11char_traitsIcEENS_9allocatorIcEEE6__initEmc
FN:1740,_ZNSt3__112basic_stringIcNS_11char_traitsIcEENS_9allocatorIcEEEC1Emc
FN:1740,_ZNSt3__112basic_stringIcNS_11char_traitsIcEENS_9allocatorIcEEEC2Emc
FN:1935,_ZNSt3__112basic_stringIcNS_11char_traitsIcEENS_9allocatorIcEEED2Ev
FN:1935,_ZNSt3__112basic_stringIcNS_11char_traitsIcEENS_9allocatorIcEEED1Ev
FN:2904,_ZNKSt3__112basic_stringIcNS_11char_traitsIcEENS_9allocatorIcEEE8max_sizeEv
FNDA:0,_ZNKSt3__112basic_stringIcNS_11char_traitsIcEENS_9allocatorIcEEE4dataEv
FNDA:0,_ZNKSt3__112basic_stringIcNS_11char_traitsIcEENS_9allocatorIcEEE9__is_longEv
FNDA:0,_ZNSt3__112basic_stringIcNS_11char_traitsIcEENS_9allocatorIcEEE7__allocEv
FNDA:0,_ZNKSt3__112basic_stringIcNS_11char_traitsIcEENS_9allocatorIcEEE7__allocEv
FNDA:0,_ZNSt3__112basic_stringIcNS_11char_traitsIcEENS_9allocatorIcEEE16__set_short_sizeEm
FNDA:0,_ZNSt3__112basic_stringIcNS_11char_traitsIcEENS_9allocatorIcEEE15__set_long_sizeEm
FNDA:0,_ZNSt3__112basic_stringIcNS_11char_traitsIcEENS_9allocatorIcEEE14__set_long_capEm
FNDA:0,_ZNKSt3__112basic_stringIcNS_11char_traitsIcEENS_9allocatorIcEEE14__get_long_capEv
FNDA:0,_ZNSt3__112basic_stringIcNS_11char_traitsIcEENS_9allocatorIcEEE18__set_long_pointerEPc
FNDA:0,_ZNSt3__112basic_stringIcNS_11char_traitsIcEENS_9allocatorIcEEE18__get_long_pointerEv
FNDA:0,_ZNKSt3__112basic_stringIcNS_11char_traitsIcEENS_9allocatorIcEEE18__get_long_pointerEv
FNDA:0,_ZNSt3__112basic_stringIcNS_11char_traitsIcEENS_9allocatorIcEEE19__get_short_pointerEv
FNDA:0,_ZNKSt3__112basic_stringIcNS_11char_traitsIcEENS_9allocatorIcEEE19__get_short_pointerEv
FNDA:0,_ZNKSt3__112basic_stringIcNS_11char_traitsIcEENS_9allocatorIcEEE13__get_pointerEv
FNDA:0,_ZNSt3__112basic_stringIcNS_11char_traitsIcEENS_9allocatorIcEEE10__align_itILm16EEEmm
FNDA:0,_ZNSt3__112basic_stringIcNS_11char_traitsIcEENS_9allocatorIcEEE11__recommendEm
FNDA:0,_ZNSt3__112basic_stringIcNS_11char_traitsIcEENS_9allocatorIcEEE6__initEmc
FNDA:0,_ZNSt3__112basic_stringIcNS_11char_traitsIcEENS_9allocatorIcEEEC1Emc
FNDA:0,_ZNSt3__112basic_stringIcNS_11char_traitsIcEENS_9allocatorIcEEEC2Emc
FNDA:0,_ZNSt3__112basic_stringIcNS_11char_traitsIcEENS_9allocatorIcEEED1Ev
FNDA:0,_ZNSt3__112basic_stringIcNS_11char_traitsIcEENS_9allocatorIcEEED2Ev
FNDA:0,_ZNKSt3__112basic_stringIcNS_11char_traitsIcEENS_9allocatorIcEEE8max_sizeEv
FNF:22
FNH:0
DA:790,0
DA:1137,0
DA:1255,0
DA:1269,0
DA:1272,0
DA:1299,0
DA:1314,0
DA:1324,0
DA:1327,0
DA:1331,0
DA:1334,0
DA:1337,0
DA:1340,0
DA:1343,0
DA:1349,0
DA:1362,0
DA:1366,0
DA:1367,0
DA:1368,0
DA:1718,0
DA:1719,0
DA:1721,0
DA:1723,0
DA:1724,0
DA:1725,0
DA:1728,0
DA:1729,0
DA:1730,0
DA:1731,0
DA:1732,0
DA:1734,0
DA:1735,0
DA:1736,0
DA:1741,0
DA:1742,0
DA:1746,0
DA:1936,0
DA:1940,0
DA:1941,0
DA:1942,0
DA:2906,0
DA:2910,0
LF:42
LH:0
end_of_record
SF:/Applications/Xcode.app/Contents/Developer/Toolchains/XcodeDefault.xctoolchain/usr/include/c++/v1/type_traits
FN:449,_ZNSt3__19addressofIcEEPT_RS1_
FN:449,_ZNSt3__19addressofIKcEEPT_RS2_
FNDA:0,_ZNSt3__19addressofIcEEPT_RS1_
FNDA:0,_ZNSt3__19addressofIKcEEPT_RS2_
FNF:2
FNH:0
DA:451,0
LF:1
LH:0
end_of_record
SF:/Users/akashshingte/Projects/Cpp/DBI - Assignment 1/P1/Schema.cc
FN:7,_ZN6Schema4FindEPKc
FN:19,_ZN6Schema8FindTypeEPKc
FN:31,_ZN6Schema10GetNumAttsEv
FN:33,_ZN6Schema7GetAttsEv
FN:35,_ZN6SchemaC2EPKcS1_
FN:35,_ZN6SchemaC1EPKcS1_
FN:130,_ZN6SchemaD1Ev
FN:130,_ZN6SchemaD2Ev
FNDA:0,_ZN6Schema4FindEPKc
FNDA:0,_ZN6Schema8FindTypeEPKc
FNDA:242538,_ZN6Schema10GetNumAttsEv
FNDA:242538,_ZN6Schema7GetAttsEv
FNDA:9,_ZN6SchemaC2EPKcS1_
FNDA:9,_ZN6SchemaC1EPKcS1_
FNDA:9,_ZN6SchemaD2Ev
FNDA:9,_ZN6SchemaD1Ev
FNF:8
FNH:6
DA:9,0
DA:10,0
DA:11,0
DA:16,0
DA:17,0
DA:21,0
DA:22,0
DA:23,0
DA:28,0
DA:29,0
DA:31,485076
DA:33,485076
DA:35,18
DA:37,18
DA:40,9
DA:42,9
DA:46,9
DA:47,0
DA:48,0
DA:51,72
DA:54,72
DA:55,72
DA:56,72
DA:59,999
DA:62,999
DA:63,0
DA:64,0
DA:67,999
DA:68,999
DA:80,9
DA:81,9
DA:82,9
DA:85,9
DA:86,153
DA:87,153
DA:88,153
DA:91,144
DA:92,144
DA:97,9
DA:98,9
DA:101,2196
DA:102,1089
DA:106,9
DA:107,306
DA:110,144
DA:111,144
DA:114,144
DA:115,144
DA:116,36
DA:117,144
DA:118,36
DA:119,108
DA:120,72
DA:122,0
DA:123,0
DA:127,9
DA:128,18
DA:130,18
DA:131,27
DA:132,9
DA:133,18
LF:61
LH:45
end_of_record
SF:/Applications/Xcode.app/Contents/Developer/Toolchains/XcodeDefault.xctoolchain/usr/include/c++/v1/__locale
DA:238,20
DA:653,20
LF:2
LH:2
end_of_record
SF:/Applications/Xcode.app/Contents/Developer/Toolchains/XcodeDefault.xctoolchain/usr/include/c++/v1/__nullptr
DA:31,0
DA:37,0
DA:47,0
LF:3
LH:0
end_of_record
SF:/Applications/Xcode.app/Contents/Developer/Toolchains/XcodeDefault.xctoolchain/usr/include/c++/v1/__string
DA:208,0
DA:217,92
DA:225,0
DA:228,0
DA:235,0
DA:237,0
DA:239,0
LF:7
LH:1
end_of_record
SF:/Applications/Xcode.app/Contents/Developer/Toolchains/XcodeDefault.xctoolchain/usr/include/c++/v1/ios
DA:340,0
DA:442,0
DA:504,0
DA:511,0
DA:512,0
DA:513,0
DA:529,0
DA:530,0
DA:611,0
DA:718,0
DA:756,40
DA:757,0
DA:764,0
DA:765,0
DA:766,0
LF:15
LH:1
end_of_record
SF:/Applications/Xcode.app/Contents/Developer/Toolchains/XcodeDefault.xctoolchain/usr/include/c++/v1/iterator
DA:1050,0
DA:1062,0
LF:2
LH:0
end_of_record
SF:/Applications/Xcode.app/Contents/Developer/Toolchains/XcodeDefault.xctoolchain/usr/include/c++/v1/locale
DA:1385,0
DA:1386,0
DA:1387,0
DA:1388,0
DA:1389,0
DA:1390,0
DA:1393,0
DA:1394,0
DA:1396,0
DA:1398,0
DA:1399,0
DA:1402,0
DA:1404,0
DA:1405,0
DA:1407,0
DA:1408,0
DA:1410,0
DA:1411,0
DA:1412,0
DA:1414,0
DA:1416,0
DA:1417,0
DA:1420,0
DA:1421,0
DA:1422,0
LF:25
LH:0
end_of_record
SF:/Applications/Xcode.app/Contents/Developer/Toolchains/XcodeDefault.xctoolchain/usr/include/c++/v1/memory
DA:988,96
DA:1106,96
DA:1547,0
DA:1555,0
DA:1599,0
DA:1737,0
DA:1781,66
DA:1790,0
DA:1791,0
DA:1793,0
DA:1796,0
DA:1798,0
DA:2105,98
DA:2110,32
DA:2112,320
DA:2142,66
DA:2145,32
DA:2148,0
DA:2150,64
DA:2210,132
DA:2217,64
DA:2226,32
DA:2231,320
DA:2236,0
DA:2241,64
LF:25
LH:14
end_of_record
SF:/Applications/Xcode.app/Contents/Developer/Toolchains/XcodeDefault.xctoolchain/usr/include/c++/v1/new
DA:228,0
DA:236,0
DA:238,0
LF:3
LH:0
end_of_record
SF:/Applications/Xcode.app/Contents/Developer/Toolchains/XcodeDefault.xctoolchain/usr/include/c++/v1/ostream
DA:195,20
DA:254,0
DA:721,0
DA:722,0
DA:725,0
DA:727,0
DA:728,0
DA:731,0
DA:732,0
DA:733,0
DA:736,0
DA:739,0
DA:740,0
DA:742,0
DA:743,0
DA:864,26
DA:1001,20
DA:1002,10
DA:1003,10
LF:19
LH:5
end_of_record
SF:/Applications/Xcode.app/Contents/Developer/Toolchains/XcodeDefault.xctoolchain/usr/include/c++/v1/stdexcept
DA:136,0
DA:225,0
DA:230,0
LF:3
LH:0
end_of_record
SF:/Applications/Xcode.app/Contents/Developer/Toolchains/XcodeDefault.xctoolchain/usr/include/c++/v1/streambuf
DA:227,0
LF:1
LH:0
end_of_record
SF:/Applications/Xcode.app/Contents/Developer/Toolchains/XcodeDefault.xctoolchain/usr/include/c++/v1/string
DA:782,66
DA:790,0
DA:896,128
DA:922,4
DA:1135,32
DA:1137,96
DA:1144,32
DA:1255,160
DA:1269,0
DA:1272,64
DA:1299,0
DA:1307,64
DA:1314,0
DA:1317,0
DA:1324,0
DA:1327,0
DA:1331,0
DA:1334,0
DA:1337,0
DA:1340,0
DA:1343,96
DA:1349,192
DA:1354,32
DA:1355,128
DA:1356,48
DA:1357,16
DA:1362,0
DA:1366,0
DA:1367,0
DA:1368,0
DA:1543,32
DA:1544,32
DA:1548,16
DA:1549,32
DA:1556,0
DA:1557,0
DA:1559,0
DA:1561,0
DA:1562,0
DA:1563,0
DA:1566,0
DA:1567,0
DA:1568,0
DA:1569,0
DA:1570,0
DA:1572,0
DA:1573,0
DA:1574,0
DA:1580,0
DA:1581,0
DA:1583,0
DA:1585,0
DA:1586,0
DA:1587,0
DA:1590,0
DA:1591,0
DA:1592,0
DA:1593,0
DA:1594,0
DA:1596,0
DA:1597,0
DA:1598,0
DA:1603,66
DA:1605,33
DA:1609,66
DA:1718,0
DA:1719,0
DA:1721,0
DA:1723,0
DA:1724,0
DA:1725,0
DA:1728,0
DA:1729,0
DA:1730,0
DA:1731,0
DA:1732,0
DA:1734,0
DA:1735,0
DA:1736,0
DA:1741,0
DA:1742,0
DA:1746,0
DA:1936,130
DA:1940,0
DA:1941,0
DA:1942,65
DA:2906,0
DA:2910,0
DA:3066,32
DA:3768,32
DA:3769,16
DA:3770,16
DA:3771,16
DA:3772,16
DA:3774,32
LF:95
LH:31
end_of_record
SF:/Applications/Xcode.app/Contents/Developer/Toolchains/XcodeDefault.xctoolchain/usr/include/c++/v1/type_traits
DA:451,96
DA:2337,64
LF:2
LH:2
end_of_record
TN:
SF:/Applications/Xcode.app/Contents/Developer/Toolchains/XcodeDefault.xctoolchain/usr/include/c++/v1/__locale
FN:236,_ZNSt3__19use_facetINS_5ctypeIcEEEERKT_RKNS_6localeE
FN:651,_ZNKSt3__15ctypeIcE5widenEc
FNDA:44,_ZNSt3__19use_facetINS_5ctypeIcEEEERKT_RKNS_6localeE
FNDA:44,_ZNKSt3__15ctypeIcE5widenEc
FNF:2
FNH:2
DA:238,44
DA:653,44
LF:2
LH:2
end_of_record
SF:/Applications/Xcode.app/Contents/Developer/Toolchains/XcodeDefault.xctoolchain/usr/include/c++/v1/__string
FN:208,_ZNSt3__111char_traitsIcE6assignERcRKc
FN:209,_ZNSt3__111char_traitsIcE2eqEcc
FN:217,_ZNSt3__111char_traitsIcE6lengthEPKc
FN:230,_ZNSt3__111char_traitsIcE7not_eofEi
FN:232,_ZNSt3__111char_traitsIcE12to_char_typeEi
FN:234,_ZNSt3__111char_traitsIcE11to_int_typeEc
FN:236,_ZNSt3__111char_traitsIcE11eq_int_typeEii
FN:238,_ZNSt3__111char_traitsIcE3eofEv
FNDA:835,_ZNSt3__111char_traitsIcE6assignERcRKc
FNDA:0,_ZNSt3__111char_traitsIcE2eqEcc
FNDA:200,_ZNSt3__111char_traitsIcE6lengthEPKc
FNDA:0,_ZNSt3__111char_traitsIcE7not_eofEi
FNDA:0,_ZNSt3__111char_traitsIcE12to_char_typeEi
FNDA:77,_ZNSt3__111char_traitsIcE11to_int_typeEc
FNDA:900,_ZNSt3__111char_traitsIcE11eq_int_typeEii
FNDA:969,_ZNSt3__111char_traitsIcE3eofEv
FNF:8
FNH:5
DA:208,835
DA:210,0
DA:217,200
DA:231,0
DA:233,0
DA:235,77
DA:237,900
DA:239,1938
LF:8
LH:5
end_of_record
SF:/Applications/Xcode.app/Contents/Developer/Toolchains/XcodeDefault.xctoolchain/usr/include/c++/v1/algorithm
FN:719,_ZNKSt3__16__lessIPcS1_EclERKS1_S4_
FN:2709,_ZNSt3__13maxIPcNS_6__lessIS1_S1_EEEERKT_S6_S6_T0_
FN:2717,_ZNSt3__13maxIPcEERKT_S4_S4_
FNDA:77,_ZNKSt3__16__lessIPcS1_EclERKS1_S4_
FNDA:77,_ZNSt3__13maxIPcNS_6__lessIS1_S1_EEEERKT_S6_S6_T0_
FNDA:77,_ZNSt3__13maxIPcEERKT_S4_S4_
FNF:3
FNH:3
DA:719,77
DA:2711,231
DA:2719,77
LF:3
LH:3
end_of_record
SF:/Applications/Xcode.app/Contents/Developer/Toolchains/XcodeDefault.xctoolchain/usr/include/c++/v1/ios
FN:336,_ZNSt3__18ios_baseC2Ev
FN:340,_ZNKSt3__18ios_base5rdbufEv
FN:440,_ZNKSt3__18ios_base5flagsEv
FN:502,_ZNKSt3__18ios_base5widthEv
FN:509,_ZNSt3__18ios_base5widthEl
FN:527,_ZNSt3__18ios_base8setstateEj
FN:611,_ZNSt3__19basic_iosIcNS_11char_traitsIcEEE8setstateEj
FN:653,_ZNSt3__19basic_iosIcNS_11char_traitsIcEEEC2Ev
FN:688,_ZNSt3__19basic_iosIcNS_11char_traitsIcEEE4initEPNS_15basic_streambufIcS2_EE
FN:716,_ZNKSt3__19basic_iosIcNS_11char_traitsIcEEE5rdbufEv
FN:754,_ZNKSt3__19basic_iosIcNS_11char_traitsIcEEE5widenEc
FN:762,_ZNKSt3__19basic_iosIcNS_11char_traitsIcEEE4fillEv
FNDA:0,_ZNSt3__18ios_baseC2Ev
FNDA:823,_ZNKSt3__18ios_base5rdbufEv
FNDA:823,_ZNKSt3__18ios_base5flagsEv
FNDA:0,_ZNKSt3__18ios_base5widthEv
FNDA:0,_ZNSt3__18ios_base5widthEl
FNDA:0,_ZNSt3__18ios_base8setstateEj
FNDA:0,_ZNSt3__19basic_iosIcNS_11char_traitsIcEEE8setstateEj
FNDA:0,_ZNSt3__19basic_iosIcNS_11char_traitsIcEEEC2Ev
FNDA:0,_ZNSt3__19basic_iosIcNS_11char_traitsIcEEE4initEPNS_15basic_streambufIcS2_EE
FNDA:823,_ZNKSt3__19basic_iosIcNS_11char_traitsIcEEE5rdbufEv
FNDA:44,_ZNKSt3__19basic_iosIcNS_11char_traitsIcEEE5widenEc
FNDA:823,_ZNKSt3__19basic_iosIcNS_11char_traitsIcEEE4fillEv
FNF:12
FNH:5
DA:336,0
DA:337,0
DA:340,823
DA:442,823
DA:504,0
DA:511,0
DA:512,0
DA:513,0
DA:529,0
DA:530,0
DA:611,0
DA:653,0
DA:654,0
DA:690,0
DA:691,0
DA:692,0
DA:693,0
DA:718,823
DA:756,132
DA:757,0
DA:764,823
DA:765,39
DA:766,823
LF:23
LH:7
end_of_record
SF:/Applications/Xcode.app/Contents/Developer/Toolchains/XcodeDefault.xctoolchain/usr/include/c++/v1/iosfwd
FN:117,_ZNSt3__115basic_stringbufIcNS_11char_traitsIcEENS_9allocatorIcEEED1Ev
FN:117,_ZNSt3__115basic_stringbufIcNS_11char_traitsIcEENS_9allocatorIcEEED0Ev
FN:117,_ZNSt3__115basic_stringbufIcNS_11char_traitsIcEENS_9allocatorIcEEED2Ev
FN:126,_ZNSt3__118basic_stringstreamIcNS_11char_traitsIcEENS_9allocatorIcEEED2Ev
FN:126,_ZNSt3__118basic_stringstreamIcNS_11char_traitsIcEENS_9allocatorIcEEED1Ev
FN:126,_ZNSt3__118basic_stringstreamIcNS_11char_traitsIcEENS_9allocatorIcEEED0Ev
FNDA:69,_ZNSt3__115basic_stringbufIcNS_11char_traitsIcEENS_9allocatorIcEEED1Ev
FNDA:0,_ZNSt3__115basic_stringbufIcNS_11char_traitsIcEENS_9allocatorIcEEED0Ev
FNDA:69,_ZNSt3__115basic_stringbufIcNS_11char_traitsIcEENS_9allocatorIcEEED2Ev
FNDA:69,_ZNSt3__118basic_stringstreamIcNS_11char_traitsIcEENS_9allocatorIcEEED1Ev
FNDA:69,_ZNSt3__118basic_stringstreamIcNS_11char_traitsIcEENS_9allocatorIcEEED0Ev
FNDA:69,_ZNSt3__118basic_stringstreamIcNS_11char_traitsIcEENS_9allocatorIcEEED2Ev
FNF:6
FNH:5
DA:117,138
DA:126,207
LF:2
LH:2
end_of_record
SF:/Applications/Xcode.app/Contents/Developer/Toolchains/XcodeDefault.xctoolchain/usr/include/c++/v1/istream
FN:190,_ZNSt3__113basic_istreamIcNS_11char_traitsIcEEEC2EPNS_15basic_streambufIcS2_EE
FN:1461,_ZNSt3__114basic_iostreamIcNS_11char_traitsIcEEEC2EPNS_15basic_streambufIcS2_EE
FNDA:0,_ZNSt3__113basic_istreamIcNS_11char_traitsIcEEEC2EPNS_15basic_streambufIcS2_EE
FNDA:0,_ZNSt3__114basic_iostreamIcNS_11char_traitsIcEEEC2EPNS_15basic_streambufIcS2_EE
FNF:2
FNH:0
DA:190,0
DA:191,0
DA:1461,0
DA:1462,0
DA:1463,0
LF:5
LH:0
end_of_record
SF:/Applications/Xcode.app/Contents/Developer/Toolchains/XcodeDefault.xctoolchain/usr/include/c++/v1/iterator
FN:582,_ZNSt3__110__distanceIPcEENS_15iterator_traitsIT_E15difference_typeES3_S3_NS_26random_access_iterator_tagE
FN:590,_ZNSt3__18distanceIPcEENS_15iterator_traitsIT_E15difference_typeES3_S3_
FN:1049,_ZNSt3__119ostreambuf_iteratorIcNS_11char_traitsIcEEEC1ERNS_13basic_ostreamIcS2_EE
FN:1049,_ZNSt3__119ostreambuf_iteratorIcNS_11char_traitsIcEEEC2ERNS_13basic_ostreamIcS2_EE
FN:1062,_ZNKSt3__119ostreambuf_iteratorIcNS_11char_traitsIcEEE6failedEv
FNDA:69,_ZNSt3__110__distanceIPcEENS_15iterator_traitsIT_E15difference_typeES3_S3_NS_26random_access_iterator_tagE
FNDA:69,_ZNSt3__18distanceIPcEENS_15iterator_traitsIT_E15difference_typeES3_S3_
FNDA:823,_ZNSt3__119ostreambuf_iteratorIcNS_11char_traitsIcEEEC1ERNS_13basic_ostreamIcS2_EE
FNDA:823,_ZNSt3__119ostreambuf_iteratorIcNS_11char_traitsIcEEEC2ERNS_13basic_ostreamIcS2_EE
FNDA:823,_ZNKSt3__119ostreambuf_iteratorIcNS_11char_traitsIcEEE6failedEv
FNF:5
FNH:5
DA:584,69
DA:592,69
DA:1050,2469
DA:1062,823
LF:4
LH:4
end_of_record
SF:/Applications/Xcode.app/Contents/Developer/Toolchains/XcodeDefault.xctoolchain/usr/include/c++/v1/locale
FN:1381,_ZNSt3__116__pad_and_outputIcNS_11char_traitsIcEEEENS_19ostreambuf_iteratorIT_T0_EES6_PKS4_S8_S8_RNS_8ios_baseES4_
FNDA:0,_ZNSt3__116__pad_and_outputIcNS_11char_traitsIcEEEENS_19ostreambuf_iteratorIT_T0_EES6_PKS4_S8_S8_RNS_8ios_baseES4_
FNF:1
FNH:0
DA:1385,0
DA:1386,0
DA:1387,0
DA:1388,0
DA:1389,0
DA:1390,0
DA:1392,0
DA:1393,0
DA:1394,0
DA:1396,0
DA:1398,0
DA:1399,0
DA:1401,0
DA:1402,0
DA:1404,0
DA:1405,0
DA:1407,0
DA:1408,0
DA:1410,0
DA:1411,0
DA:1412,0
DA:1414,0
DA:1416,0
DA:1417,0
DA:1419,0
DA:1420,0
DA:1421,0
DA:1422,0
LF:28
LH:0
end_of_record
SF:/Applications/Xcode.app/Contents/Developer/Toolchains/XcodeDefault.xctoolchain/usr/include/c++/v1/memory
FN:986,_ZNSt3__114pointer_traitsIPKcE10pointer_toERS1_
FN:986,_ZNSt3__114pointer_traitsIPcE10pointer_toERc
FN:1104,_ZNSt3__116__to_raw_pointerIKcEEPT_S3_
FN:1546,_ZNSt3__116allocator_traitsINS_9allocatorIcEEE8allocateERS2_m
FN:1598,_ZNSt3__116allocator_traitsINS_9allocatorIcEEE8max_sizeERKS2_
FN:1736,_ZNSt3__116allocator_traitsINS_9allocatorIcEEE10__max_sizeENS_17integral_constantIbLb1EEERKS2_
FN:1781,_ZNSt3__19allocatorIcEC2Ev
FN:1788,_ZNSt3__19allocatorIcE8allocateEmPKv
FN:1797,_ZNKSt3__19allocatorIcE8max_sizeEv
FN:2089,_ZNSt3__122__compressed_pair_elemINS_12basic_stringIcNS_11char_traitsIcEENS_9allocatorIcEEE5__repELi0ELb0EEC2Ev
FN:2096,_ZNSt3__122__compressed_pair_elemIPNS_12basic_stringIcNS_11char_traitsIcEENS_9allocatorIcEEEELi0ELb0EEC2IS7_vEEOT_
FN:2110,_ZNSt3__122__compressed_pair_elemIPNS_18basic_stringstreamIcNS_11char_traitsIcEENS_9allocatorIcEEEELi0ELb0EE5__getEv
FN:2110,_ZNSt3__122__compressed_pair_elemINS_12basic_stringIcNS_11char_traitsIcEENS_9allocatorIcEEE5__repELi0ELb0EE5__getEv
FN:2110,_ZNSt3__122__compressed_pair_elemIPNS_12basic_stringIcNS_11char_traitsIcEENS_9allocatorIcEEEELi0ELb0EE5__getEv
FN:2112,_ZNKSt3__122__compressed_pair_elemIPNS_18basic_stringstreamIcNS_11char_traitsIcEENS_9allocatorIcEEEELi0ELb0EE5__getEv
FN:2112,_ZNKSt3__122__compressed_pair_elemINS_12basic_stringIcNS_11char_traitsIcEENS_9allocatorIcEEE5__repELi0ELb0EE5__getEv
FN:2112,_ZNKSt3__122__compressed_pair_elemIPNS_12basic_stringIcNS_11char_traitsIcEENS_9allocatorIcEEEELi0ELb0EE5__getEv
FN:2126,_ZNSt3__122__compressed_pair_elemINS_9allocatorIcEELi1ELb1EEC2Ev
FN:2133,_ZNSt3__122__compressed_pair_elemINS_9allocatorIcEELi1ELb1EEC2IRKS2_vEEOT_
FN:2148,_ZNSt3__122__compressed_pair_elemINS_9allocatorIcEELi1ELb1EE5__getEv
FN:2148,_ZNSt3__122__compressed_pair_elemINS_14default_deleteINS_12basic_stringIcNS_11char_traitsIcEENS_9allocatorIcEEEEEELi1ELb1EE5__getEv
FN:2148,_ZNSt3__122__compressed_pair_elemINS_14default_deleteINS_18basic_stringstreamIcNS_11char_traitsIcEENS_9allocatorIcEEEEEELi1ELb1EE5__getEv
FN:2150,_ZNKSt3__122__compressed_pair_elemINS_9allocatorIcEELi1ELb1EE5__getEv
FN:2180,_ZNSt3__117__compressed_pairINS_12basic_stringIcNS_11char_traitsIcEENS_9allocatorIcEEE5__repES5_EC2ILb1EvEEv
FN:2180,_ZNSt3__117__compressed_pairINS_12basic_stringIcNS_11char_traitsIcEENS_9allocatorIcEEE5__repES5_EC1ILb1EvEEv
FN:2186,_ZNSt3__117__compressed_pairIPNS_12basic_stringIcNS_11char_traitsIcEENS_9allocatorIcEEEENS_14default_deleteIS6_EEEC1IS7_Lb1EEEOT_
FN:2186,_ZNSt3__117__compressed_pairIPNS_12basic_stringIcNS_11char_traitsIcEENS_9allocatorIcEEEENS_14default_deleteIS6_EEEC2IS7_Lb1EEEOT_
FN:2191,_ZNSt3__117__compressed_pairINS_12basic_stringIcNS_11char_traitsIcEENS_9allocatorIcEEE5__repES5_EC2IRKS5_EENS_12__second_tagEOT_
FN:2191,_ZNSt3__117__compressed_pairINS_12basic_stringIcNS_11char_traitsIcEENS_9allocatorIcEEE5__repES5_EC1IRKS5_EENS_12__second_tagEOT_
FN:2225,_ZNSt3__117__compressed_pairIPNS_12basic_stringIcNS_11char_traitsIcEENS_9allocatorIcEEEENS_14default_deleteIS6_EEE5firstEv
FN:2225,_ZNSt3__117__compressed_pairIPNS_18basic_stringstreamIcNS_11char_traitsIcEENS_9allocatorIcEEEENS_14default_deleteIS6_EEE5firstEv
FN:2225,_ZNSt3__117__compressed_pairINS_12basic_stringIcNS_11char_traitsIcEENS_9allocatorIcEEE5__repES5_E5firstEv
FN:2230,_ZNKSt3__117__compressed_pairINS_12basic_stringIcNS_11char_traitsIcEENS_9allocatorIcEEE5__repES5_E5firstEv
FN:2230,_ZNKSt3__117__compressed_pairIPNS_12basic_stringIcNS_11char_traitsIcEENS_9allocatorIcEEEENS_14default_deleteIS6_EEE5firstEv
FN:2230,_ZNKSt3__117__compressed_pairIPNS_18basic_stringstreamIcNS_11char_traitsIcEENS_9allocatorIcEEEENS_14default_deleteIS6_EEE5firstEv
FN:2235,_ZNSt3__117__compressed_pairIPNS_12basic_stringIcNS_11char_traitsIcEENS_9allocatorIcEEEENS_14default_deleteIS6_EEE6secondEv
FN:2235,_ZNSt3__117__compressed_pairIPNS_18basic_stringstreamIcNS_11char_traitsIcEENS_9allocatorIcEEEENS_14default_deleteIS6_EEE6secondEv
FN:2235,_ZNSt3__117__compressed_pairINS_12basic_stringIcNS_11char_traitsIcEENS_9allocatorIcEEE5__repES5_E6secondEv
FN:2240,_ZNKSt3__117__compressed_pairINS_12basic_stringIcNS_11char_traitsIcEENS_9allocatorIcEEE5__repES5_E6secondEv
FN:2280,_ZNKSt3__114default_deleteINS_18basic_stringstreamIcNS_11char_traitsIcEENS_9allocatorIcEEEEEclEPS6_
FN:2280,_ZNKSt3__114default_deleteINS_12basic_stringIcNS_11char_traitsIcEENS_9allocatorIcEEEEEclEPS6_
FN:2407,_ZNSt3__110unique_ptrINS_12basic_stringIcNS_11char_traitsIcEENS_9allocatorIcEEEENS_14default_deleteIS6_EEEC2ILb1EvEEv
FN:2407,_ZNSt3__110unique_ptrINS_12basic_stringIcNS_11char_traitsIcEENS_9allocatorIcEEEENS_14default_deleteIS6_EEEC1ILb1EvEEv
FN:2552,_ZNSt3__110unique_ptrINS_12basic_stringIcNS_11char_traitsIcEENS_9allocatorIcEEEENS_14default_deleteIS6_EEED1Ev
FN:2552,_ZNSt3__110unique_ptrINS_18basic_stringstreamIcNS_11char_traitsIcEENS_9allocatorIcEEEENS_14default_deleteIS6_EEED1Ev
FN:2552,_ZNSt3__110unique_ptrINS_12basic_stringIcNS_11char_traitsIcEENS_9allocatorIcEEEENS_14default_deleteIS6_EEED2Ev
FN:2552,_ZNSt3__110unique_ptrINS_18basic_stringstreamIcNS_11char_traitsIcEENS_9allocatorIcEEEENS_14default_deleteIS6_EEED2Ev
FN:2562,_ZNKSt3__110unique_ptrINS_18basic_stringstreamIcNS_11char_traitsIcEENS_9allocatorIcEEEENS_14default_deleteIS6_EEEdeEv
FN:2566,_ZNKSt3__110unique_ptrINS_12basic_stringIcNS_11char_traitsIcEENS_9allocatorIcEEEENS_14default_deleteIS6_EEEptEv
FN:2570,_ZNKSt3__110unique_ptrINS_12basic_stringIcNS_11char_traitsIcEENS_9allocatorIcEEEENS_14default_deleteIS6_EEE3getEv
FN:2594,_ZNSt3__110unique_ptrINS_12basic_stringIcNS_11char_traitsIcEENS_9allocatorIcEEEENS_14default_deleteIS6_EEE5resetEPS6_
FN:2594,_ZNSt3__110unique_ptrINS_18basic_stringstreamIcNS_11char_traitsIcEENS_9allocatorIcEEEENS_14default_deleteIS6_EEE5resetEPS6_
FNDA:393,_ZNSt3__114pointer_traitsIPKcE10pointer_toERS1_
FNDA:61,_ZNSt3__114pointer_traitsIPcE10pointer_toERc
FNDA:410,_ZNSt3__116__to_raw_pointerIKcEEPT_S3_
FNDA:8,_ZNSt3__116allocator_traitsINS_9allocatorIcEEE8allocateERS2_m
FNDA:69,_ZNSt3__116allocator_traitsINS_9allocatorIcEEE8max_sizeERKS2_
FNDA:69,_ZNSt3__116allocator_traitsINS_9allocatorIcEEE10__max_sizeENS_17integral_constantIbLb1EEERKS2_
FNDA:25,_ZNSt3__19allocatorIcEC2Ev
FNDA:8,_ZNSt3__19allocatorIcE8allocateEmPKv
FNDA:77,_ZNKSt3__19allocatorIcE8max_sizeEv
FNDA:94,_ZNSt3__122__compressed_pair_elemINS_12basic_stringIcNS_11char_traitsIcEENS_9allocatorIcEEE5__repELi0ELb0EEC2Ev
FNDA:19,_ZNSt3__122__compressed_pair_elemIPNS_12basic_stringIcNS_11char_traitsIcEENS_9allocatorIcEEEELi0ELb0EEC2IS7_vEEOT_
FNDA:138,_ZNSt3__122__compressed_pair_elemIPNS_18basic_stringstreamIcNS_11char_traitsIcEENS_9allocatorIcEEEELi0ELb0EE5__getEv
FNDA:38,_ZNSt3__122__compressed_pair_elemIPNS_12basic_stringIcNS_11char_traitsIcEENS_9allocatorIcEEEELi0ELb0EE5__getEv
FNDA:147,_ZNSt3__122__compressed_pair_elemINS_12basic_stringIcNS_11char_traitsIcEENS_9allocatorIcEEE5__repELi0ELb0EE5__getEv
FNDA:0,_ZNKSt3__122__compressed_pair_elemIPNS_12basic_stringIcNS_11char_traitsIcEENS_9allocatorIcEEEELi0ELb0EE5__getEv
FNDA:1569,_ZNKSt3__122__compressed_pair_elemINS_12basic_stringIcNS_11char_traitsIcEENS_9allocatorIcEEE5__repELi0ELb0EE5__getEv
FNDA:18,_ZNKSt3__122__compressed_pair_elemIPNS_18basic_stringstreamIcNS_11char_traitsIcEENS_9allocatorIcEEEELi0ELb0EE5__getEv
FNDA:25,_ZNSt3__122__compressed_pair_elemINS_9allocatorIcEELi1ELb1EEC2Ev
FNDA:69,_ZNSt3__122__compressed_pair_elemINS_9allocatorIcEELi1ELb1EEC2IRKS2_vEEOT_
FNDA:69,_ZNSt3__122__compressed_pair_elemINS_14default_deleteINS_18basic_stringstreamIcNS_11char_traitsIcEENS_9allocatorIcEEEEEELi1ELb1EE5__getEv
FNDA:0,_ZNSt3__122__compressed_pair_elemINS_14default_deleteINS_12basic_stringIcNS_11char_traitsIcEENS_9allocatorIcEEEEEELi1ELb1EE5__getEv
FNDA:8,_ZNSt3__122__compressed_pair_elemINS_9allocatorIcEELi1ELb1EE5__getEv
FNDA:138,_ZNKSt3__122__compressed_pair_elemINS_9allocatorIcEELi1ELb1EE5__getEv
FNDA:25,_ZNSt3__117__compressed_pairINS_12basic_stringIcNS_11char_traitsIcEENS_9allocatorIcEEE5__repES5_EC1ILb1EvEEv
FNDA:25,_ZNSt3__117__compressed_pairINS_12basic_stringIcNS_11char_traitsIcEENS_9allocatorIcEEE5__repES5_EC2ILb1EvEEv
FNDA:19,_ZNSt3__117__compressed_pairIPNS_12basic_stringIcNS_11char_traitsIcEENS_9allocatorIcEEEENS_14default_deleteIS6_EEEC1IS7_Lb1EEEOT_
FNDA:19,_ZNSt3__117__compressed_pairIPNS_12basic_stringIcNS_11char_traitsIcEENS_9allocatorIcEEEENS_14default_deleteIS6_EEEC2IS7_Lb1EEEOT_
FNDA:69,_ZNSt3__117__compressed_pairINS_12basic_stringIcNS_11char_traitsIcEENS_9allocatorIcEEE5__repES5_EC1IRKS5_EENS_12__second_tagEOT_
FNDA:69,_ZNSt3__117__compressed_pairINS_12basic_stringIcNS_11char_traitsIcEENS_9allocatorIcEEE5__repES5_EC2IRKS5_EENS_12__second_tagEOT_
FNDA:138,_ZNSt3__117__compressed_pairIPNS_18basic_stringstreamIcNS_11char_traitsIcEENS_9allocatorIcEEEENS_14default_deleteIS6_EEE5firstEv
FNDA:38,_ZNSt3__117__compressed_pairIPNS_12basic_stringIcNS_11char_traitsIcEENS_9allocatorIcEEEENS_14default_deleteIS6_EEE5firstEv
FNDA:147,_ZNSt3__117__compressed_pairINS_12basic_stringIcNS_11char_traitsIcEENS_9allocatorIcEEE5__repES5_E5firstEv
FNDA:0,_ZNKSt3__117__compressed_pairIPNS_12basic_stringIcNS_11char_traitsIcEENS_9allocatorIcEEEENS_14default_deleteIS6_EEE5firstEv
FNDA:1569,_ZNKSt3__117__compressed_pairINS_12basic_stringIcNS_11char_traitsIcEENS_9allocatorIcEEE5__repES5_E5firstEv
FNDA:18,_ZNKSt3__117__compressed_pairIPNS_18basic_stringstreamIcNS_11char_traitsIcEENS_9allocatorIcEEEENS_14default_deleteIS6_EEE5firstEv
FNDA:69,_ZNSt3__117__compressed_pairIPNS_18basic_stringstreamIcNS_11char_traitsIcEENS_9allocatorIcEEEENS_14default_deleteIS6_EEE6secondEv
FNDA:0,_ZNSt3__117__compressed_pairIPNS_12basic_stringIcNS_11char_traitsIcEENS_9allocatorIcEEEENS_14default_deleteIS6_EEE6secondEv
FNDA:8,_ZNSt3__117__compressed_pairINS_12basic_stringIcNS_11char_traitsIcEENS_9allocatorIcEEE5__repES5_E6secondEv
FNDA:138,_ZNKSt3__117__compressed_pairINS_12basic_stringIcNS_11char_traitsIcEENS_9allocatorIcEEE5__repES5_E6secondEv
FNDA:69,_ZNKSt3__114default_deleteINS_18basic_stringstreamIcNS_11char_traitsIcEENS_9allocatorIcEEEEEclEPS6_
FNDA:0,_ZNKSt3__114default_deleteINS_12basic_stringIcNS_11char_traitsIcEENS_9allocatorIcEEEEEclEPS6_
FNDA:19,_ZNSt3__110unique_ptrINS_12basic_stringIcNS_11char_traitsIcEENS_9allocatorIcEEEENS_14default_deleteIS6_EEEC1ILb1EvEEv
FNDA:19,_ZNSt3__110unique_ptrINS_12basic_stringIcNS_11char_traitsIcEENS_9allocatorIcEEEENS_14default_deleteIS6_EEEC2ILb1EvEEv
FNDA:69,_ZNSt3__110unique_ptrINS_18basic_stringstreamIcNS_11char_traitsIcEENS_9allocatorIcEEEENS_14default_deleteIS6_EEED1Ev
FNDA:69,_ZNSt3__110unique_ptrINS_18basic_stringstreamIcNS_11char_traitsIcEENS_9allocatorIcEEEENS_14default_deleteIS6_EEED2Ev
FNDA:19,_ZNSt3__110unique_ptrINS_12basic_stringIcNS_11char_traitsIcEENS_9allocatorIcEEEENS_14default_deleteIS6_EEED1Ev
FNDA:19,_ZNSt3__110unique_ptrINS_12basic_stringIcNS_11char_traitsIcEENS_9allocatorIcEEEENS_14default_deleteIS6_EEED2Ev
FNDA:18,_ZNKSt3__110unique_ptrINS_18basic_stringstreamIcNS_11char_traitsIcEENS_9allocatorIcEEEENS_14default_deleteIS6_EEEdeEv
FNDA:0,_ZNKSt3__110unique_ptrINS_12basic_stringIcNS_11char_traitsIcEENS_9allocatorIcEEEENS_14default_deleteIS6_EEEptEv
FNDA:0,_ZNKSt3__110unique_ptrINS_12basic_stringIcNS_11char_traitsIcEENS_9allocatorIcEEEENS_14default_deleteIS6_EEE3getEv
FNDA:69,_ZNSt3__110unique_ptrINS_18basic_stringstreamIcNS_11char_traitsIcEENS_9allocatorIcEEEENS_14default_deleteIS6_EEE5resetEPS6_
FNDA:19,_ZNSt3__110unique_ptrINS_12basic_stringIcNS_11char_traitsIcEENS_9allocatorIcEEEENS_14default_deleteIS6_EEE5resetEPS6_
FNF:52
FNH:45
DA:988,454
DA:1106,410
DA:1547,8
DA:1599,69
DA:1737,69
DA:1781,25
DA:1790,8
DA:1791,0
DA:1793,8
DA:1798,77
DA:2089,94
DA:2097,19
DA:2110,323
DA:2112,1587
DA:2126,25
DA:2134,69
DA:2148,77
DA:2150,138
DA:2180,50
DA:2187,38
DA:2192,138
DA:2226,323
DA:2231,1587
DA:2236,77
DA:2241,138
DA:2285,138
DA:2286,69
DA:2407,57
DA:2552,176
DA:2563,18
DA:2567,0
DA:2571,0
DA:2595,88
DA:2596,88
DA:2597,88
DA:2598,69
DA:2599,88
LF:37
LH:34
end_of_record
SF:/Applications/Xcode.app/Contents/Developer/Toolchains/XcodeDefault.xctoolchain/usr/include/c++/v1/new
FN:224,_ZNSt3__110__allocateEm
FNDA:8,_ZNSt3__110__allocateEm
FNF:1
FNH:1
DA:228,8
LF:1
LH:1
end_of_record
SF:/Applications/Xcode.app/Contents/Developer/Toolchains/XcodeDefault.xctoolchain/usr/include/c++/v1/ostream
FN:194,_ZNSt3__113basic_ostreamIcNS_11char_traitsIcEEElsEPFRS3_S4_E
FN:236,_ZNSt3__113basic_ostreamIcNS_11char_traitsIcEEEC2Ev
FN:254,_ZNKSt3__113basic_ostreamIcNS_11char_traitsIcEEE6sentrycvbEv
FN:714,_ZNSt3__124__put_character_sequenceIcNS_11char_traitsIcEEEERNS_13basic_ostreamIT_T0_EES7_PKS4_m
FN:862,_ZNSt3__1lsINS_11char_traitsIcEEEERNS_13basic_ostreamIcT_EES6_PKc
FN:999,_ZNSt3__14endlIcNS_11char_traitsIcEEEERNS_13basic_ostreamIT_T0_EES7_
FN:1044,_ZNSt3__1lsIcNS_11char_traitsIcEENS_9allocatorIcEEEERNS_13basic_ostreamIT_T0_EES9_RKNS_12basic_stringIS6_S7_T1_EE
FNDA:5,_ZNSt3__113basic_ostreamIcNS_11char_traitsIcEEElsEPFRS3_S4_E
FNDA:0,_ZNSt3__113basic_ostreamIcNS_11char_traitsIcEEEC2Ev
FNDA:823,_ZNKSt3__113basic_ostreamIcNS_11char_traitsIcEEE6sentrycvbEv
FNDA:823,_ZNSt3__124__put_character_sequenceIcNS_11char_traitsIcEEEERNS_13basic_ostreamIT_T0_EES7_PKS4_m
FNDA:42,_ZNSt3__1lsINS_11char_traitsIcEEEERNS_13basic_ostreamIcT_EES6_PKc
FNDA:5,_ZNSt3__14endlIcNS_11char_traitsIcEEEERNS_13basic_ostreamIT_T0_EES7_
FNDA:0,_ZNSt3__1lsIcNS_11char_traitsIcEENS_9allocatorIcEEEERNS_13basic_ostreamIT_T0_EES9_RKNS_12basic_stringIS6_S7_T1_EE
FNF:7
FNH:5
DA:195,5
DA:236,0
DA:254,823
DA:721,823
DA:722,1646
DA:725,3292
DA:726,823
DA:727,3292
DA:728,0
DA:729,823
DA:730,823
DA:731,823
DA:732,1646
DA:733,0
DA:734,823
DA:736,823
DA:739,0
DA:740,0
DA:742,823
DA:743,0
DA:864,42
DA:1001,5
DA:1002,5
DA:1003,5
DA:1047,0
LF:25
LH:18
end_of_record
SF:/Applications/Xcode.app/Contents/Developer/Toolchains/XcodeDefault.xctoolchain/usr/include/c++/v1/sstream
FN:242,_ZNSt3__115basic_stringbufIcNS_11char_traitsIcEENS_9allocatorIcEEEC1Ej
FN:242,_ZNSt3__115basic_stringbufIcNS_11char_traitsIcEENS_9allocatorIcEEEC2Ej
FN:439,_ZNKSt3__115basic_stringbufIcNS_11char_traitsIcEENS_9allocatorIcEEE3strEv
FN:487,_ZNSt3__115basic_stringbufIcNS_11char_traitsIcEENS_9allocatorIcEEE9underflowEv
FN:503,_ZNSt3__115basic_stringbufIcNS_11char_traitsIcEENS_9allocatorIcEEE9pbackfailEi
FN:527,_ZNSt3__115basic_stringbufIcNS_11char_traitsIcEENS_9allocatorIcEEE8overflowEi
FN:569,_ZNSt3__115basic_stringbufIcNS_11char_traitsIcEENS_9allocatorIcEEE7seekoffExNS_8ios_base7seekdirEj
FN:621,_ZNSt3__115basic_stringbufIcNS_11char_traitsIcEENS_9allocatorIcEEE7seekposENS_4fposI11__mbstate_tEEj
FN:909,_ZNSt3__118basic_stringstreamIcNS_11char_traitsIcEENS_9allocatorIcEEEC1Ej
FN:970,_ZNKSt3__118basic_stringstreamIcNS_11char_traitsIcEENS_9allocatorIcEEE3strEv
FNDA:0,_ZNSt3__115basic_stringbufIcNS_11char_traitsIcEENS_9allocatorIcEEEC1Ej
FNDA:0,_ZNSt3__115basic_stringbufIcNS_11char_traitsIcEENS_9allocatorIcEEEC2Ej
FNDA:69,_ZNKSt3__115basic_stringbufIcNS_11char_traitsIcEENS_9allocatorIcEEE3strEv
FNDA:0,_ZNSt3__115basic_stringbufIcNS_11char_traitsIcEENS_9allocatorIcEEE9underflowEv
FNDA:0,_ZNSt3__115basic_stringbufIcNS_11char_traitsIcEENS_9allocatorIcEEE9pbackfailEi
FNDA:77,_ZNSt3__115basic_stringbufIcNS_11char_traitsIcEENS_9allocatorIcEEE8overflowEi
FNDA:0,_ZNSt3__115basic_stringbufIcNS_11char_traitsIcEENS_9allocatorIcEEE7seekoffExNS_8ios_base7seekdirEj
FNDA:0,_ZNSt3__115basic_stringbufIcNS_11char_traitsIcEENS_9allocatorIcEEE7seekposENS_4fposI11__mbstate_tEEj
FNDA:0,_ZNSt3__118basic_stringstreamIcNS_11char_traitsIcEENS_9allocatorIcEEEC1Ej
FNDA:0,_ZNKSt3__118basic_stringstreamIcNS_11char_traitsIcEENS_9allocatorIcEEE3strEv
FNF:10
FNH:2
DA:213,0
DA:243,0
DA:244,0
DA:245,0
DA:246,0
DA:441,69
DA:443,69
DA:444,52
DA:445,69
DA:447,0
DA:448,0
DA:449,0
DA:450,69
DA:489,0
DA:490,0
DA:491,0
DA:493,0
DA:494,0
DA:495,0
DA:496,0
DA:497,0
DA:498,0
DA:499,0
DA:505,0
DA:506,0
DA:507,0
DA:509,0
DA:511,0
DA:512,0
DA:514,0
DA:515,0
DA:517,0
DA:518,0
DA:519,0
DA:521,0
DA:522,0
DA:523,0
DA:529,77
DA:531,77
DA:532,77
DA:534,77
DA:535,0
DA:540,231
DA:541,154
DA:542,77
DA:543,77
DA:544,77
DA:545,77
DA:546,77
DA:547,154
DA:549,77
DA:552,0
DA:553,0
DA:555,77
DA:556,77
DA:557,77
DA:559,77
DA:560,77
DA:561,77
DA:562,77
DA:564,0
DA:565,77
DA:573,0
DA:574,0
DA:575,0
DA:576,0
DA:577,0
DA:578,0
DA:579,0
DA:580,0
DA:582,0
DA:585,0
DA:586,0
DA:588,0
DA:589,0
DA:591,0
DA:592,0
DA:594,0
DA:595,0
DA:597,0
DA:599,0
DA:600,0
DA:601,0
DA:602,0
DA:604,0
DA:605,0
DA:606,0
DA:607,0
DA:608,0
DA:609,0
DA:610,0
DA:611,0
DA:613,0
DA:614,0
DA:615,0
DA:616,0
DA:617,0
DA:624,0
DA:885,0
DA:910,0
DA:911,0
DA:912,0
DA:913,0
DA:972,0
LF:104
LH:26
end_of_record
SF:/Applications/Xcode.app/Contents/Developer/Toolchains/XcodeDefault.xctoolchain/usr/include/c++/v1/stdexcept
FN:136,_ZNSt12length_errorC2EPKc
FN:136,_ZNSt12length_errorC1EPKc
FN:222,_ZNSt3__120__throw_length_errorEPKc
FNDA:0,_ZNSt12length_errorC1EPKc
FNDA:0,_ZNSt12length_errorC2EPKc
FNDA:0,_ZNSt3__120__throw_length_errorEPKc
FNF:3
FNH:0
DA:136,0
DA:225,0
DA:230,0
LF:3
LH:0
end_of_record
SF:/Applications/Xcode.app/Contents/Developer/Toolchains/XcodeDefault.xctoolchain/usr/include/c++/v1/streambuf
FN:218,_ZNSt3__115basic_streambufIcNS_11char_traitsIcEEE5sputcEc
FN:226,_ZNSt3__115basic_streambufIcNS_11char_traitsIcEEE5sputnEPKcl
FN:236,_ZNKSt3__115basic_streambufIcNS_11char_traitsIcEEE5ebackEv
FN:237,_ZNKSt3__115basic_streambufIcNS_11char_traitsIcEEE4gptrEv
FN:238,_ZNKSt3__115basic_streambufIcNS_11char_traitsIcEEE5egptrEv
FN:244,_ZNSt3__115basic_streambufIcNS_11char_traitsIcEEE4setgEPcS4_S4_
FN:251,_ZNKSt3__115basic_streambufIcNS_11char_traitsIcEEE5pbaseEv
FN:252,_ZNKSt3__115basic_streambufIcNS_11char_traitsIcEEE4pptrEv
FN:253,_ZNKSt3__115basic_streambufIcNS_11char_traitsIcEEE5epptrEv
FN:256,_ZNSt3__115basic_streambufIcNS_11char_traitsIcEEE5pbumpEi
FN:259,_ZNSt3__115basic_streambufIcNS_11char_traitsIcEEE7__pbumpEl
FN:262,_ZNSt3__115basic_streambufIcNS_11char_traitsIcEEE4setpEPcS4_
FNDA:77,_ZNSt3__115basic_streambufIcNS_11char_traitsIcEEE5sputcEc
FNDA:0,_ZNSt3__115basic_streambufIcNS_11char_traitsIcEEE5sputnEPKcl
FNDA:77,_ZNKSt3__115basic_streambufIcNS_11char_traitsIcEEE5ebackEv
FNDA:77,_ZNKSt3__115basic_streambufIcNS_11char_traitsIcEEE4gptrEv
FNDA:0,_ZNKSt3__115basic_streambufIcNS_11char_traitsIcEEE5egptrEv
FNDA:77,_ZNSt3__115basic_streambufIcNS_11char_traitsIcEEE4setgEPcS4_S4_
FNDA:300,_ZNKSt3__115basic_streambufIcNS_11char_traitsIcEEE5pbaseEv
FNDA:352,_ZNKSt3__115basic_streambufIcNS_11char_traitsIcEEE4pptrEv
FNDA:77,_ZNKSt3__115basic_streambufIcNS_11char_traitsIcEEE5epptrEv
FNDA:0,_ZNSt3__115basic_streambufIcNS_11char_traitsIcEEE5pbumpEi
FNDA:77,_ZNSt3__115basic_streambufIcNS_11char_traitsIcEEE7__pbumpEl
FNDA:77,_ZNSt3__115basic_streambufIcNS_11char_traitsIcEEE4setpEPcS4_
FNF:12
FNH:9
DA:219,77
DA:220,0
DA:221,77
DA:222,77
DA:223,77
DA:227,0
DA:236,77
DA:237,77
DA:238,0
DA:245,77
DA:246,77
DA:247,77
DA:248,77
DA:251,300
DA:252,352
DA:253,77
DA:256,0
DA:259,77
DA:263,77
DA:264,77
DA:265,77
LF:21
LH:17
end_of_record
SF:/Applications/Xcode.app/Contents/Developer/Toolchains/XcodeDefault.xctoolchain/usr/include/c++/v1/string
FN:515,_ZNSt3__14fposI11__mbstate_tEC2Ex
FN:515,_ZNSt3__14fposI11__mbstate_tEC1Ex
FN:517,_ZNKSt3__14fposI11__mbstate_tEcvxEv
FN:895,_ZNKSt3__112basic_stringIcNS_11char_traitsIcEENS_9allocatorIcEEE4sizeEv
FN:899,_ZNKSt3__112basic_stringIcNS_11char_traitsIcEENS_9allocatorIcEEE8capacityEv
FN:904,_ZNSt3__112basic_stringIcNS_11char_traitsIcEENS_9allocatorIcEEE6resizeEm
FN:922,_ZNSt3__112basic_stringIcNS_11char_traitsIcEENS_9allocatorIcEEEpLEPKc
FN:1135,_ZNKSt3__112basic_stringIcNS_11char_traitsIcEENS_9allocatorIcEEE5c_strEv
FN:1137,_ZNKSt3__112basic_stringIcNS_11char_traitsIcEENS_9allocatorIcEEE4dataEv
FN:1144,_ZNKSt3__112basic_stringIcNS_11char_traitsIcEENS_9allocatorIcEEE13get_allocatorEv
FN:1254,_ZNKSt3__112basic_stringIcNS_11char_traitsIcEENS_9allocatorIcEEE9__is_longEv
FN:1268,_ZNSt3__112basic_stringIcNS_11char_traitsIcEENS_9allocatorIcEEE7__allocEv
FN:1271,_ZNKSt3__112basic_stringIcNS_11char_traitsIcEENS_9allocatorIcEEE7__allocEv
FN:1295,_ZNSt3__112basic_stringIcNS_11char_traitsIcEENS_9allocatorIcEEE16__set_short_sizeEm
FN:1303,_ZNKSt3__112basic_stringIcNS_11char_traitsIcEENS_9allocatorIcEEE16__get_short_sizeEv
FN:1313,_ZNSt3__112basic_stringIcNS_11char_traitsIcEENS_9allocatorIcEEE15__set_long_sizeEm
FN:1316,_ZNKSt3__112basic_stringIcNS_11char_traitsIcEENS_9allocatorIcEEE15__get_long_sizeEv
FN:1323,_ZNSt3__112basic_stringIcNS_11char_traitsIcEENS_9allocatorIcEEE14__set_long_capEm
FN:1326,_ZNKSt3__112basic_stringIcNS_11char_traitsIcEENS_9allocatorIcEEE14__get_long_capEv
FN:1330,_ZNSt3__112basic_stringIcNS_11char_traitsIcEENS_9allocatorIcEEE18__set_long_pointerEPc
FN:1336,_ZNKSt3__112basic_stringIcNS_11char_traitsIcEENS_9allocatorIcEEE18__get_long_pointerEv
FN:1339,_ZNSt3__112basic_stringIcNS_11char_traitsIcEENS_9allocatorIcEEE19__get_short_pointerEv
FN:1342,_ZNKSt3__112basic_stringIcNS_11char_traitsIcEENS_9allocatorIcEEE19__get_short_pointerEv
FN:1348,_ZNKSt3__112basic_stringIcNS_11char_traitsIcEENS_9allocatorIcEEE13__get_pointerEv
FN:1352,_ZNSt3__112basic_stringIcNS_11char_traitsIcEENS_9allocatorIcEEE6__zeroEv
FN:1361,_ZNSt3__112basic_stringIcNS_11char_traitsIcEENS_9allocatorIcEEE10__align_itILm16EEEmm
FN:1365,_ZNSt3__112basic_stringIcNS_11char_traitsIcEENS_9allocatorIcEEE11__recommendEm
FN:1526,_ZNSt3__112basic_stringIcNS_11char_traitsIcEENS_9allocatorIcEEEC2Ev
FN:1526,_ZNSt3__112basic_stringIcNS_11char_traitsIcEENS_9allocatorIcEEEC1Ev
FN:1537,_ZNSt3__112basic_stringIcNS_11char_traitsIcEENS_9allocatorIcEEEC2ERKS4_
FN:1537,_ZNSt3__112basic_stringIcNS_11char_traitsIcEENS_9allocatorIcEEEC1ERKS4_
FN:1602,_ZNSt3__112basic_stringIcNS_11char_traitsIcEENS_9allocatorIcEEEC2EPKc
FN:1602,_ZNSt3__112basic_stringIcNS_11char_traitsIcEENS_9allocatorIcEEEC1EPKc
FN:1740,_ZNSt3__112basic_stringIcNS_11char_traitsIcEENS_9allocatorIcEEEC1Emc
FN:1740,_ZNSt3__112basic_stringIcNS_11char_traitsIcEENS_9allocatorIcEEEC2Emc
FN:1858,_ZNSt3__112basic_stringIcNS_11char_traitsIcEENS_9allocatorIcEEE6__initIPcEENS_9enable_ifIXsr21__is_forward_iteratorIT_EE5valueEvE4typeES9_S9_
FN:1896,_ZNSt3__112basic_stringIcNS_11char_traitsIcEENS_9allocatorIcEEEC1IPcEET_S8_RKS4_
FN:1896,_ZNSt3__112basic_stringIcNS_11char_traitsIcEENS_9allocatorIcEEEC2IPcEET_S8_RKS4_
FN:2332,_ZNSt3__112basic_stringIcNS_11char_traitsIcEENS_9allocatorIcEEE6appendERKS5_
FN:2904,_ZNKSt3__112basic_stringIcNS_11char_traitsIcEENS_9allocatorIcEEE8max_sizeEv
FNDA:0,_ZNSt3__14fposI11__mbstate_tEC1Ex
FNDA:0,_ZNSt3__14fposI11__mbstate_tEC2Ex
FNDA:0,_ZNKSt3__14fposI11__mbstate_tEcvxEv
FNDA:332,_ZNKSt3__112basic_stringIcNS_11char_traitsIcEENS_9allocatorIcEEE4sizeEv
FNDA:77,_ZNKSt3__112basic_stringIcNS_11char_traitsIcEENS_9allocatorIcEEE8capacityEv
FNDA:77,_ZNSt3__112basic_stringIcNS_11char_traitsIcEENS_9allocatorIcEEE6resizeEm
FNDA:1,_ZNSt3__112basic_stringIcNS_11char_traitsIcEENS_9allocatorIcEEEpLEPKc
FNDA:1,_ZNKSt3__112basic_stringIcNS_11char_traitsIcEENS_9allocatorIcEEE5c_strEv
FNDA:410,_ZNKSt3__112basic_stringIcNS_11char_traitsIcEENS_9allocatorIcEEE4dataEv
FNDA:69,_ZNKSt3__112basic_stringIcNS_11char_traitsIcEENS_9allocatorIcEEE13get_allocatorEv
FNDA:819,_ZNKSt3__112basic_stringIcNS_11char_traitsIcEENS_9allocatorIcEEE9__is_longEv
FNDA:8,_ZNSt3__112basic_stringIcNS_11char_traitsIcEENS_9allocatorIcEEE7__allocEv
FNDA:138,_ZNKSt3__112basic_stringIcNS_11char_traitsIcEENS_9allocatorIcEEE7__allocEv
FNDA:61,_ZNSt3__112basic_stringIcNS_11char_traitsIcEENS_9allocatorIcEEE16__set_short_sizeEm
FNDA:324,_ZNKSt3__112basic_stringIcNS_11char_traitsIcEENS_9allocatorIcEEE16__get_short_sizeEv
FNDA:8,_ZNSt3__112basic_stringIcNS_11char_traitsIcEENS_9allocatorIcEEE15__set_long_sizeEm
FNDA:8,_ZNKSt3__112basic_stringIcNS_11char_traitsIcEENS_9allocatorIcEEE15__get_long_sizeEv
FNDA:8,_ZNSt3__112basic_stringIcNS_11char_traitsIcEENS_9allocatorIcEEE14__set_long_capEm
FNDA:8,_ZNKSt3__112basic_stringIcNS_11char_traitsIcEENS_9allocatorIcEEE14__get_long_capEv
FNDA:8,_ZNSt3__112basic_stringIcNS_11char_traitsIcEENS_9allocatorIcEEE18__set_long_pointerEPc
FNDA:17,_ZNKSt3__112basic_stringIcNS_11char_traitsIcEENS_9allocatorIcEEE18__get_long_pointerEv
FNDA:61,_ZNSt3__112basic_stringIcNS_11char_traitsIcEENS_9allocatorIcEEE19__get_short_pointerEv
FNDA:393,_ZNKSt3__112basic_stringIcNS_11char_traitsIcEENS_9allocatorIcEEE19__get_short_pointerEv
FNDA:410,_ZNKSt3__112basic_stringIcNS_11char_traitsIcEENS_9allocatorIcEEE13__get_pointerEv
FNDA:1,_ZNSt3__112basic_stringIcNS_11char_traitsIcEENS_9allocatorIcEEE6__zeroEv
FNDA:8,_ZNSt3__112basic_stringIcNS_11char_traitsIcEENS_9allocatorIcEEE10__align_itILm16EEEmm
FNDA:8,_ZNSt3__112basic_stringIcNS_11char_traitsIcEENS_9allocatorIcEEE11__recommendEm
FNDA:1,_ZNSt3__112basic_stringIcNS_11char_traitsIcEENS_9allocatorIcEEEC1Ev
FNDA:1,_ZNSt3__112basic_stringIcNS_11char_traitsIcEENS_9allocatorIcEEEC2Ev
FNDA:0,_ZNSt3__112basic_stringIcNS_11char_traitsIcEENS_9allocatorIcEEEC1ERKS4_
FNDA:0,_ZNSt3__112basic_stringIcNS_11char_traitsIcEENS_9allocatorIcEEEC2ERKS4_
FNDA:24,_ZNSt3__112basic_stringIcNS_11char_traitsIcEENS_9allocatorIcEEEC1EPKc
FNDA:24,_ZNSt3__112basic_stringIcNS_11char_traitsIcEENS_9allocatorIcEEEC2EPKc
FNDA:0,_ZNSt3__112basic_stringIcNS_11char_traitsIcEENS_9allocatorIcEEEC1Emc
FNDA:0,_ZNSt3__112basic_stringIcNS_11char_traitsIcEENS_9allocatorIcEEEC2Emc
FNDA:69,_ZNSt3__112basic_stringIcNS_11char_traitsIcEENS_9allocatorIcEEE6__initIPcEENS_9enable_ifIXsr21__is_forward_iteratorIT_EE5valueEvE4typeES9_S9_
FNDA:69,_ZNSt3__112basic_stringIcNS_11char_traitsIcEENS_9allocatorIcEEEC1IPcEET_S8_RKS4_
FNDA:69,_ZNSt3__112basic_stringIcNS_11char_traitsIcEENS_9allocatorIcEEEC2IPcEET_S8_RKS4_
FNDA:255,_ZNSt3__112basic_stringIcNS_11char_traitsIcEENS_9allocatorIcEEE6appendERKS5_
FNDA:69,_ZNKSt3__112basic_stringIcNS_11char_traitsIcEENS_9allocatorIcEEE8max_sizeEv
FNF:40
FNH:33
DA:515,0
DA:517,0
DA:757,1
DA:782,24
DA:790,0
DA:896,996
DA:900,308
DA:901,77
DA:904,77
DA:922,1
DA:1135,1
DA:1137,410
DA:1144,69
DA:1255,819
DA:1269,8
DA:1272,138
DA:1299,61
DA:1307,324
DA:1314,8
DA:1317,8
DA:1324,8
DA:1327,8
DA:1331,8
DA:1337,17
DA:1340,61
DA:1343,393
DA:1349,1230
DA:1354,1
DA:1355,8
DA:1356,3
DA:1357,1
DA:1362,8
DA:1366,32
DA:1367,8
DA:1368,16
DA:1528,2
DA:1532,1
DA:1533,2
DA:1543,0
DA:1544,0
DA:1548,0
DA:1549,0
DA:1603,48
DA:1605,24
DA:1609,48
DA:1741,0
DA:1742,0
DA:1746,0
DA:1860,69
DA:1861,69
DA:1862,0
DA:1864,69
DA:1866,61
DA:1867,61
DA:1868,61
DA:1871,8
DA:1872,8
DA:1873,8
DA:1874,8
DA:1875,8
DA:1877,1670
DA:1878,766
DA:1879,69
DA:1880,69
DA:1898,69
DA:1899,138
DA:1900,69
DA:1904,138
DA:2334,255
DA:2906,69
DA:2910,69
LF:71
LH:60
end_of_record
SF:/Applications/Xcode.app/Contents/Developer/Toolchains/XcodeDefault.xctoolchain/usr/include/c++/v1/type_traits
FN:449,_ZNSt3__19addressofIcEEPT_RS1_
FN:449,_ZNSt3__19addressofIKcEEPT_RS2_
FN:2299,_ZNSt3__17forwardIPNS_12basic_stringIcNS_11char_traitsIcEENS_9allocatorIcEEEEEEOT_RNS_16remove_referenceIS8_E4typeE
FN:2299,_ZNSt3__17forwardIRKNS_9allocatorIcEEEEOT_RNS_16remove_referenceIS5_E4typeE
FNDA:393,_ZNSt3__19addressofIKcEEPT_RS2_
FNDA:61,_ZNSt3__19addressofIcEEPT_RS1_
FNDA:38,_ZNSt3__17forwardIPNS_12basic_stringIcNS_11char_traitsIcEENS_9allocatorIcEEEEEEOT_RNS_16remove_referenceIS8_E4typeE
FNDA:138,_ZNSt3__17forwardIRKNS_9allocatorIcEEEEOT_RNS_16remove_referenceIS5_E4typeE
FNF:4
FNH:4
DA:451,454
DA:2301,176
LF:2
LH:2
end_of_record
SF:/usr/local/include/gtest/gtest-message.h
FN:90,_ZN7testing7MessageD1Ev
FN:90,_ZN7testing7MessageD2Ev
FN:112,_ZN7testing7MessagelsIA5_cEERS0_RKT_
FN:112,_ZN7testing7MessagelsINSt3__112basic_stringIcNS2_11char_traitsIcEENS2_9allocatorIcEEEEEERS0_RKT_
FN:112,_ZN7testing7MessagelsIA12_cEERS0_RKT_
FN:112,_ZN7testing7MessagelsIA3_cEERS0_RKT_
FN:146,_ZN7testing7MessagelsIKcEERS0_RKPT_
FNDA:69,_ZN7testing7MessageD1Ev
FNDA:69,_ZN7testing7MessageD2Ev
FNDA:0,_ZN7testing7MessagelsIA12_cEERS0_RKT_
FNDA:0,_ZN7testing7MessagelsIA3_cEERS0_RKT_
FNDA:0,_ZN7testing7MessagelsINSt3__112basic_stringIcNS2_11char_traitsIcEENS2_9allocatorIcEEEEEERS0_RKT_
FNDA:0,_ZN7testing7MessagelsIA5_cEERS0_RKT_
FNDA:18,_ZN7testing7MessagelsIKcEERS0_RKPT_
FNF:7
FNH:3
DA:90,138
DA:128,0
DA:129,0
DA:147,18
DA:148,0
DA:149,0
DA:150,18
DA:152,18
LF:8
LH:4
end_of_record
SF:/usr/local/include/gtest/gtest-printers.h
FN:259,_ZN16testing_internal26DefaultPrintNonContainerToIxEEvRKT_PNSt3__113basic_ostreamIcNS4_11char_traitsIcEEEE
FN:259,_ZN16testing_internal26DefaultPrintNonContainerToIiEEvRKT_PNSt3__113basic_ostreamIcNS4_11char_traitsIcEEEE
FN:312,_ZN7testing8internal19FormatForComparisonIiiE6FormatERKi
FN:312,_ZN7testing8internal19FormatForComparisonIixE6FormatERKi
FN:312,_ZN7testing8internal19FormatForComparisonIxiE6FormatERKx
FN:386,_ZN7testing8internal33FormatForComparisonFailureMessageIxiEENSt3__112basic_stringIcNS2_11char_traitsIcEENS2_9allocatorIcEEEERKT_RKT0_
FN:386,_ZN7testing8internal33FormatForComparisonFailureMessageIiiEENSt3__112basic_stringIcNS2_11char_traitsIcEENS2_9allocatorIcEEEERKT_RKT0_
FN:386,_ZN7testing8internal33FormatForComparisonFailureMessageIixEENSt3__112basic_stringIcNS2_11char_traitsIcEENS2_9allocatorIcEEEERKT_RKT0_
FN:475,_ZN7testing8internal14DefaultPrintToIxEEvNS0_15WrapPrinterTypeILNS0_18DefaultPrinterTypeE3EEERKT_PNSt3__113basic_ostreamIcNS8_11char_traitsIcEEEE
FN:475,_ZN7testing8internal14DefaultPrintToIiEEvNS0_15WrapPrinterTypeILNS0_18DefaultPrinterTypeE3EEERKT_PNSt3__113basic_ostreamIcNS8_11char_traitsIcEEEE
FN:492,_ZN7testing8internal7PrintToIiEEvRKT_PNSt3__113basic_ostreamIcNS5_11char_traitsIcEEEE
FN:492,_ZN7testing8internal7PrintToIxEEvRKT_PNSt3__113basic_ostreamIcNS5_11char_traitsIcEEEE
FN:693,_ZN7testing8internal16UniversalPrinterIiE5PrintERKiPNSt3__113basic_ostreamIcNS5_11char_traitsIcEEEE
FN:693,_ZN7testing8internal16UniversalPrinterIxE5PrintERKxPNSt3__113basic_ostreamIcNS5_11char_traitsIcEEEE
FN:819,_ZN7testing8internal21UniversalTersePrinterIxE5PrintERKxPNSt3__113basic_ostreamIcNS5_11char_traitsIcEEEE
FN:819,_ZN7testing8internal21UniversalTersePrinterIiE5PrintERKiPNSt3__113basic_ostreamIcNS5_11char_traitsIcEEEE
FN:888,_ZN7testing8internal14UniversalPrintIxEEvRKT_PNSt3__113basic_ostreamIcNS5_11char_traitsIcEEEE
FN:888,_ZN7testing8internal14UniversalPrintIiEEvRKT_PNSt3__113basic_ostreamIcNS5_11char_traitsIcEEEE
FN:938,_ZN7testing13PrintToStringIiEENSt3__112basic_stringIcNS1_11char_traitsIcEENS1_9allocatorIcEEEERKT_
FN:938,_ZN7testing13PrintToStringIxEENSt3__112basic_stringIcNS1_11char_traitsIcEENS1_9allocatorIcEEEERKT_
FNDA:0,_ZN16testing_internal26DefaultPrintNonContainerToIiEEvRKT_PNSt3__113basic_ostreamIcNS4_11char_traitsIcEEEE
FNDA:0,_ZN16testing_internal26DefaultPrintNonContainerToIxEEvRKT_PNSt3__113basic_ostreamIcNS4_11char_traitsIcEEEE
FNDA:0,_ZN7testing8internal19FormatForComparisonIiiE6FormatERKi
FNDA:0,_ZN7testing8internal19FormatForComparisonIixE6FormatERKi
FNDA:0,_ZN7testing8internal19FormatForComparisonIxiE6FormatERKx
FNDA:0,_ZN7testing8internal33FormatForComparisonFailureMessageIiiEENSt3__112basic_stringIcNS2_11char_traitsIcEENS2_9allocatorIcEEEERKT_RKT0_
FNDA:0,_ZN7testing8internal33FormatForComparisonFailureMessageIixEENSt3__112basic_stringIcNS2_11char_traitsIcEENS2_9allocatorIcEEEERKT_RKT0_
FNDA:0,_ZN7testing8internal33FormatForComparisonFailureMessageIxiEENSt3__112basic_stringIcNS2_11char_traitsIcEENS2_9allocatorIcEEEERKT_RKT0_
FNDA:0,_ZN7testing8internal14DefaultPrintToIiEEvNS0_15WrapPrinterTypeILNS0_18DefaultPrinterTypeE3EEERKT_PNSt3__113basic_ostreamIcNS8_11char_traitsIcEEEE
FNDA:0,_ZN7testing8internal14DefaultPrintToIxEEvNS0_15WrapPrinterTypeILNS0_18DefaultPrinterTypeE3EEERKT_PNSt3__113basic_ostreamIcNS8_11char_traitsIcEEEE
FNDA:0,_ZN7testing8internal7PrintToIiEEvRKT_PNSt3__113basic_ostreamIcNS5_11char_traitsIcEEEE
FNDA:0,_ZN7testing8internal7PrintToIxEEvRKT_PNSt3__113basic_ostreamIcNS5_11char_traitsIcEEEE
FNDA:0,_ZN7testing8internal16UniversalPrinterIiE5PrintERKiPNSt3__113basic_ostreamIcNS5_11char_traitsIcEEEE
FNDA:0,_ZN7testing8internal16UniversalPrinterIxE5PrintERKxPNSt3__113basic_ostreamIcNS5_11char_traitsIcEEEE
FNDA:0,_ZN7testing8internal21UniversalTersePrinterIiE5PrintERKiPNSt3__113basic_ostreamIcNS5_11char_traitsIcEEEE
FNDA:0,_ZN7testing8internal21UniversalTersePrinterIxE5PrintERKxPNSt3__113basic_ostreamIcNS5_11char_traitsIcEEEE
FNDA:0,_ZN7testing8internal14UniversalPrintIiEEvRKT_PNSt3__113basic_ostreamIcNS5_11char_traitsIcEEEE
FNDA:0,_ZN7testing8internal14UniversalPrintIxEEvRKT_PNSt3__113basic_ostreamIcNS5_11char_traitsIcEEEE
FNDA:0,_ZN7testing13PrintToStringIiEENSt3__112basic_stringIcNS1_11char_traitsIcEENS1_9allocatorIcEEEERKT_
FNDA:0,_ZN7testing13PrintToStringIxEENSt3__112basic_stringIcNS1_11char_traitsIcEENS1_9allocatorIcEEEERKT_
FNF:20
FNH:0
DA:286,0
DA:287,0
DA:313,0
DA:388,0
DA:477,0
DA:478,0
DA:512,0
DA:522,0
DA:523,0
DA:702,0
DA:703,0
DA:820,0
DA:821,0
DA:892,0
DA:893,0
DA:939,0
DA:940,0
DA:941,0
DA:942,0
LF:19
LH:0
end_of_record
SF:/usr/local/include/gtest/gtest.h
FN:288,_ZN7testing15AssertionResultD1Ev
FN:288,_ZN7testing15AssertionResultD2Ev
FN:306,_ZN7testing15AssertionResultC2IbEERKT_PNS_8internal8EnableIfIXntsr3std14is_convertibleIS2_S0_EE5valueEE4typeE
FN:306,_ZN7testing15AssertionResultC2IiEERKT_PNS_8internal8EnableIfIXntsr3std14is_convertibleIS2_S0_EE5valueEE4typeE
FN:306,_ZN7testing15AssertionResultC1IbEERKT_PNS_8internal8EnableIfIXntsr3std14is_convertibleIS2_S0_EE5valueEE4typeE
FN:306,_ZN7testing15AssertionResultC1IiEERKT_PNS_8internal8EnableIfIXntsr3std14is_convertibleIS2_S0_EE5valueEE4typeE
FN:325,_ZNK7testing15AssertionResultcvbEv
FN:334,_ZNK7testing15AssertionResult7messageEv
FN:338,_ZNK7testing15AssertionResult15failure_messageEv
FN:341,_ZN7testing15AssertionResultlsINSt3__112basic_stringIcNS2_11char_traitsIcEENS2_9allocatorIcEEEEEERS0_RKT_
FN:341,_ZN7testing15AssertionResultlsIA5_cEERS0_RKT_
FN:341,_ZN7testing15AssertionResultlsIA12_cEERS0_RKT_
FN:341,_ZN7testing15AssertionResultlsIPKcEERS0_RKT_
FN:341,_ZN7testing15AssertionResultlsIA3_cEERS0_RKT_
FN:356,_ZN7testing15AssertionResult13AppendMessageERKNS_7MessageE
FN:428,_ZN7testing4Test14SetUpTestSuiteEv
FN:436,_ZN7testing4Test17TearDownTestSuiteEv
FN:440,_ZN7testing4Test16TearDownTestCaseEv
FN:441,_ZN7testing4Test13SetUpTestCaseEv
FN:522,_ZN7testing4Test5SetupEv
FN:1497,_ZN7testing8internal18CmpHelperEQFailureIixEENS_15AssertionResultEPKcS4_RKT_RKT0_
FN:1497,_ZN7testing8internal18CmpHelperEQFailureIiiEENS_15AssertionResultEPKcS4_RKT_RKT0_
FN:1516,_ZN7testing8internal11CmpHelperEQIiiEENS_15AssertionResultEPKcS4_RKT_RKT0_
FN:1516,_ZN7testing8internal11CmpHelperEQIixEENS_15AssertionResultEPKcS4_RKT_RKT0_
FN:1544,_ZN7testing8internal8EqHelperILb0EE7CompareIixEENS_15AssertionResultEPKcS6_RKT_RKT0_
FN:1544,_ZN7testing8internal8EqHelperILb0EE7CompareIiiEENS_15AssertionResultEPKcS6_RKT_RKT0_
FN:1575,_ZN7testing8internal8EqHelperILb1EE7CompareIiiEENS_15AssertionResultEPKcS6_RKT_RKT0_PNS0_8EnableIfIXntsr3std10is_pointerISA_EE5valueEE4typeE
FN:1611,_ZN7testing8internal18CmpHelperOpFailureIiiEENS_15AssertionResultEPKcS4_RKT_RKT0_S4_
FN:1655,_ZN7testing8internal11CmpHelperGTIiiEENS_15AssertionResultEPKcS4_RKT_RKT0_
FNDA:19,_ZN7testing15AssertionResultD1Ev
FNDA:19,_ZN7testing15AssertionResultD2Ev
FNDA:2,_ZN7testing15AssertionResultC1IiEERKT_PNS_8internal8EnableIfIXntsr3std14is_convertibleIS2_S0_EE5valueEE4typeE
FNDA:17,_ZN7testing15AssertionResultC1IbEERKT_PNS_8internal8EnableIfIXntsr3std14is_convertibleIS2_S0_EE5valueEE4typeE
FNDA:2,_ZN7testing15AssertionResultC2IiEERKT_PNS_8internal8EnableIfIXntsr3std14is_convertibleIS2_S0_EE5valueEE4typeE
FNDA:17,_ZN7testing15AssertionResultC2IbEERKT_PNS_8internal8EnableIfIXntsr3std14is_convertibleIS2_S0_EE5valueEE4typeE
FNDA:19,_ZNK7testing15AssertionResultcvbEv
FNDA:0,_ZNK7testing15AssertionResult7messageEv
FNDA:0,_ZNK7testing15AssertionResult15failure_messageEv
FNDA:0,_ZN7testing15AssertionResultlsIA12_cEERS0_RKT_
FNDA:0,_ZN7testing15AssertionResultlsIPKcEERS0_RKT_
FNDA:0,_ZN7testing15AssertionResultlsIA3_cEERS0_RKT_
FNDA:0,_ZN7testing15AssertionResultlsINSt3__112basic_stringIcNS2_11char_traitsIcEENS2_9allocatorIcEEEEEERS0_RKT_
FNDA:0,_ZN7testing15AssertionResultlsIA5_cEERS0_RKT_
FNDA:0,_ZN7testing15AssertionResult13AppendMessageERKNS_7MessageE
FNDA:0,_ZN7testing4Test14SetUpTestSuiteEv
FNDA:0,_ZN7testing4Test17TearDownTestSuiteEv
FNDA:0,_ZN7testing4Test16TearDownTestCaseEv
FNDA:0,_ZN7testing4Test13SetUpTestCaseEv
FNDA:0,_ZN7testing4Test5SetupEv
FNDA:0,_ZN7testing8internal18CmpHelperEQFailureIiiEENS_15AssertionResultEPKcS4_RKT_RKT0_
FNDA:0,_ZN7testing8internal18CmpHelperEQFailureIixEENS_15AssertionResultEPKcS4_RKT_RKT0_
FNDA:5,_ZN7testing8internal11CmpHelperEQIiiEENS_15AssertionResultEPKcS4_RKT_RKT0_
FNDA:2,_ZN7testing8internal11CmpHelperEQIixEENS_15AssertionResultEPKcS4_RKT_RKT0_
FNDA:4,_ZN7testing8internal8EqHelperILb0EE7CompareIiiEENS_15AssertionResultEPKcS6_RKT_RKT0_
FNDA:2,_ZN7testing8internal8EqHelperILb0EE7CompareIixEENS_15AssertionResultEPKcS6_RKT_RKT0_
FNDA:1,_ZN7testing8internal8EqHelperILb1EE7CompareIiiEENS_15AssertionResultEPKcS6_RKT_RKT0_PNS0_8EnableIfIXntsr3std10is_pointerISA_EE5valueEE4typeE
FNDA:0,_ZN7testing8internal18CmpHelperOpFailureIiiEENS_15AssertionResultEPKcS4_RKT_RKT0_S4_
FNDA:1,_ZN7testing8internal11CmpHelperGTIiiEENS_15AssertionResultEPKcS4_RKT_RKT0_
FNF:29
FNH:13
DA:288,38
DA:306,19
DA:312,57
DA:325,19
DA:335,0
DA:338,0
DA:342,0
DA:343,0
DA:344,0
DA:357,0
DA:358,0
DA:359,0
DA:428,0
DA:436,0
DA:440,0
DA:441,0
DA:522,0
DA:1500,0
DA:1501,0
DA:1502,0
DA:1503,0
DA:1505,0
DA:1520,7
DA:1521,7
DA:1524,0
DA:1525,7
DA:1548,6
DA:1584,1
DA:1614,0
DA:1615,0
DA:1616,0
DA:1617,0
DA:1618,0
DA:1655,3
LF:34
LH:10
end_of_record
SF:/usr/local/include/gtest/internal/gtest-internal.h
FN:455,_ZN7testing8internal9GetTypeIdIN3foo10DBFileTestEEEPKvv
FN:474,_ZN7testing8internal15TestFactoryBaseD2Ev
FN:474,_ZN7testing8internal15TestFactoryBaseD1Ev
FN:474,_ZN7testing8internal15TestFactoryBaseD0Ev
FN:481,_ZN7testing8internal15TestFactoryBaseC2Ev
FN:490,_ZN7testing8internal15TestFactoryImplIN3foo46DBFileTest_CreateFailureWhenFileIsInvalid_TestEED0Ev
FN:490,_ZN7testing8internal15TestFactoryImplIN3foo49DBFileTest_OpenFailureWhenAFileNameIsInvalid_TestEEC1Ev
FN:490,_ZN7testing8internal15TestFactoryImplIN3foo58DBFileTest_OpenFailureOnInvalidFileTypeInMetadataFile_TestEEC1Ev
FN:490,_ZN7testing8internal15TestFactoryImplIN3foo58DBFileTest_OpenFailureOnInvalidFileTypeInMetadataFile_TestEED0Ev
FN:490,_ZN7testing8internal15TestFactoryImplIN3foo47DBFileTest_SuccessfullyAddRecordIntoBuffer_TestEEC2Ev
FN:490,_ZN7testing8internal15TestFactoryImplIN3foo49DBFileTest_OpenFailureWhenAFileDoesNotExists_TestEED0Ev
FN:490,_ZN7testing8internal15TestFactoryImplIN3foo27DBFileTest_OpenSuccess_TestEED2Ev
FN:490,_ZN7testing8internal15TestFactoryImplIN3foo38DBFileTest_MoveFirstWithNoRecords_TestEED1Ev
FN:490,_ZN7testing8internal15TestFactoryImplIN3foo38DBFileTest_MoveFirstOnFirstRecord_TestEEC2Ev
FN:490,_ZN7testing8internal15TestFactoryImplIN3foo51DBFileTest_CreateFailureWhenFileNameIsTooLarge_TestEEC2Ev
FN:490,_ZN7testing8internal15TestFactoryImplIN3foo49DBFileTest_OpenFailureWhenAFileDoesNotExists_TestEEC1Ev
FN:490,_ZN7testing8internal15TestFactoryImplIN3foo43DBFileTest_AddWhenFirstFlushTakesPlace_TestEEC1Ev
FN:490,_ZN7testing8internal15TestFactoryImplIN3foo62DBFileTest_AddWhenAnExistingPartiallyFilledPageIsUtilized_TestEED1Ev
FN:490,_ZN7testing8internal15TestFactoryImplIN3foo27DBFileTest_OpenSuccess_TestEED0Ev
FN:490,_ZN7testing8internal15TestFactoryImplIN3foo43DBFileTest_LoadWithNoExistingTableFile_TestEEC1Ev
FN:490,_ZN7testing8internal15TestFactoryImplIN3foo51DBFileTest_CreateFailureWhenFileNameIsTooLarge_TestEEC1Ev
FN:490,_ZN7testing8internal15TestFactoryImplIN3foo49DBFileTest_OpenFailureWhenAFileNameIsInvalid_TestEED0Ev
FN:490,_ZN7testing8internal15TestFactoryImplIN3foo40DBFileTest_AddWhenANewPageIsCreated_TestEEC1Ev
FN:490,_ZN7testing8internal15TestFactoryImplIN3foo27DBFileTest_OpenSuccess_TestEEC1Ev
FN:490,_ZN7testing8internal15TestFactoryImplIN3foo36DBFileTest_LoadWithNoOpenDBFile_TestEED1Ev
FN:490,_ZN7testing8internal15TestFactoryImplIN3foo40DBFileTest_MoveFirstWithoutCreation_TestEED0Ev
FN:490,_ZN7testing8internal15TestFactoryImplIN3foo64DBFileTest_AddWhenItJustAddsToBufferWithoutCreatingANewPage_TestEED0Ev
FN:490,_ZN7testing8internal15TestFactoryImplIN3foo56DBFileTest_MoveFirstWhenGetNextHaveBeenCalledBefore_TestEEC1Ev
FN:490,_ZN7testing8internal15TestFactoryImplIN3foo46DBFileTest_OpenFailureMissingMetadataFile_TestEED0Ev
FN:490,_ZN7testing8internal15TestFactoryImplIN3foo43DBFileTest_LoadWithNoExistingTableFile_TestEEC2Ev
FN:490,_ZN7testing8internal15TestFactoryImplIN3foo43DBFileTest_LoadWithNoExistingTableFile_TestEED2Ev
FN:490,_ZN7testing8internal15TestFactoryImplIN3foo27DBFileTest_LoadSuccess_TestEED1Ev
FN:490,_ZN7testing8internal15TestFactoryImplIN3foo36DBFileTest_LoadWithNoOpenDBFile_TestEEC1Ev
FN:490,_ZN7testing8internal15TestFactoryImplIN3foo49DBFileTest_OpenFailureWhenAFileDoesNotExists_TestEED2Ev
FN:490,_ZN7testing8internal15TestFactoryImplIN3foo62DBFileTest_AddWhenAnExistingPartiallyFilledPageIsUtilized_TestEED0Ev
FN:490,_ZN7testing8internal15TestFactoryImplIN3foo51DBFileTest_CreateFailureWhenFileNameIsTooLarge_TestEED1Ev
FN:490,_ZN7testing8internal15TestFactoryImplIN3foo56DBFileTest_MoveFirstWhenGetNextHaveBeenCalledBefore_TestEED0Ev
FN:490,_ZN7testing8internal15TestFactoryImplIN3foo64DBFileTest_AddWhenItJustAddsToBufferWithoutCreatingANewPage_TestEED2Ev
FN:490,_ZN7testing8internal15TestFactoryImplIN3foo40DBFileTest_AddWhenANewPageIsCreated_TestEEC2Ev
FN:490,_ZN7testing8internal15TestFactoryImplIN3foo56DBFileTest_MoveFirstWhenGetNextHaveBeenCalledBefore_TestEEC2Ev
FN:490,_ZN7testing8internal15TestFactoryImplIN3foo56DBFileTest_MoveFirstWhenGetNextHaveBeenCalledBefore_TestEED1Ev
FN:490,_ZN7testing8internal15TestFactoryImplIN3foo58DBFileTest_OpenFailureOnInvalidFileTypeInMetadataFile_TestEEC2Ev
FN:490,_ZN7testing8internal15TestFactoryImplIN3foo49DBFileTest_OpenFailureWhenAFileDoesNotExists_TestEEC2Ev
FN:490,_ZN7testing8internal15TestFactoryImplIN3foo40DBFileTest_MoveFirstWithoutCreation_TestEED1Ev
FN:490,_ZN7testing8internal15TestFactoryImplIN3foo43DBFileTest_AddWhenFirstFlushTakesPlace_TestEEC2Ev
FN:490,_ZN7testing8internal15TestFactoryImplIN3foo38DBFileTest_MoveFirstOnFirstRecord_TestEED2Ev
FN:490,_ZN7testing8internal15TestFactoryImplIN3foo27DBFileTest_LoadSuccess_TestEEC1Ev
FN:490,_ZN7testing8internal15TestFactoryImplIN3foo46DBFileTest_OpenFailureMissingMetadataFile_TestEED2Ev
FN:490,_ZN7testing8internal15TestFactoryImplIN3foo46DBFileTest_CreateFailureWhenFileIsInvalid_TestEEC1Ev
FN:490,_ZN7testing8internal15TestFactoryImplIN3foo38DBFileTest_MoveFirstOnFirstRecord_TestEEC1Ev
FN:490,_ZN7testing8internal15TestFactoryImplIN3foo27DBFileTest_OpenSuccess_TestEEC2Ev
FN:490,_ZN7testing8internal15TestFactoryImplIN3foo36DBFileTest_LoadWithNoOpenDBFile_TestEED2Ev
FN:490,_ZN7testing8internal15TestFactoryImplIN3foo64DBFileTest_AddWhenItJustAddsToBufferWithoutCreatingANewPage_TestEEC2Ev
FN:490,_ZN7testing8internal15TestFactoryImplIN3foo27DBFileTest_LoadSuccess_TestEED0Ev
FN:490,_ZN7testing8internal15TestFactoryImplIN3foo40DBFileTest_AddWhenANewPageIsCreated_TestEED1Ev
FN:490,_ZN7testing8internal15TestFactoryImplIN3foo40DBFileTest_AddAfterASeriesOfGetNext_TestEEC1Ev
FN:490,_ZN7testing8internal15TestFactoryImplIN3foo38DBFileTest_MoveFirstOnFirstRecord_TestEED0Ev
FN:490,_ZN7testing8internal15TestFactoryImplIN3foo50DBFileTest_AddWhenSubsequentFlushesTakesPlace_TestEEC2Ev
FN:490,_ZN7testing8internal15TestFactoryImplIN3foo49DBFileTest_OpenFailureWhenAFileNameIsInvalid_TestEEC2Ev
FN:490,_ZN7testing8internal15TestFactoryImplIN3foo38DBFileTest_MoveFirstWithNoRecords_TestEED2Ev
FN:490,_ZN7testing8internal15TestFactoryImplIN3foo29DBFileTest_CreateSuccess_TestEED1Ev
FN:490,_ZN7testing8internal15TestFactoryImplIN3foo38DBFileTest_MoveFirstOnFirstRecord_TestEED1Ev
FN:490,_ZN7testing8internal15TestFactoryImplIN3foo46DBFileTest_CreateFailureWhenFileIsInvalid_TestEED1Ev
FN:490,_ZN7testing8internal15TestFactoryImplIN3foo29DBFileTest_CreateSuccess_TestEEC2Ev
FN:490,_ZN7testing8internal15TestFactoryImplIN3foo38DBFileTest_MoveFirstWithNoRecords_TestEEC1Ev
FN:490,_ZN7testing8internal15TestFactoryImplIN3foo40DBFileTest_AddWhenANewPageIsCreated_TestEED2Ev
FN:490,_ZN7testing8internal15TestFactoryImplIN3foo50DBFileTest_AddWhenSubsequentFlushesTakesPlace_TestEEC1Ev
FN:490,_ZN7testing8internal15TestFactoryImplIN3foo36DBFileTest_LoadWithNoOpenDBFile_TestEEC2Ev
FN:490,_ZN7testing8internal15TestFactoryImplIN3foo43DBFileTest_LoadWithNoExistingTableFile_TestEED0Ev
FN:490,_ZN7testing8internal15TestFactoryImplIN3foo36DBFileTest_LoadWithNoOpenDBFile_TestEED0Ev
FN:490,_ZN7testing8internal15TestFactoryImplIN3foo64DBFileTest_AddWhenItJustAddsToBufferWithoutCreatingANewPage_TestEEC1Ev
FN:490,_ZN7testing8internal15TestFactoryImplIN3foo62DBFileTest_AddWhenAnExistingPartiallyFilledPageIsUtilized_TestEEC1Ev
FN:490,_ZN7testing8internal15TestFactoryImplIN3foo43DBFileTest_AddWhenFirstFlushTakesPlace_TestEED2Ev
FN:490,_ZN7testing8internal15TestFactoryImplIN3foo46DBFileTest_OpenFailureMissingMetadataFile_TestEEC2Ev
FN:490,_ZN7testing8internal15TestFactoryImplIN3foo47DBFileTest_SuccessfullyAddRecordIntoBuffer_TestEED0Ev
FN:490,_ZN7testing8internal15TestFactoryImplIN3foo43DBFileTest_AddWhenFirstFlushTakesPlace_TestEED0Ev
FN:490,_ZN7testing8internal15TestFactoryImplIN3foo49DBFileTest_OpenFailureWhenAFileNameIsInvalid_TestEED1Ev
FN:490,_ZN7testing8internal15TestFactoryImplIN3foo47DBFileTest_SuccessfullyAddRecordIntoBuffer_TestEED2Ev
FN:490,_ZN7testing8internal15TestFactoryImplIN3foo47DBFileTest_SuccessfullyAddRecordIntoBuffer_TestEEC1Ev
FN:490,_ZN7testing8internal15TestFactoryImplIN3foo38DBFileTest_MoveFirstWithNoRecords_TestEED0Ev
FN:490,_ZN7testing8internal15TestFactoryImplIN3foo43DBFileTest_LoadWithNoExistingTableFile_TestEED1Ev
FN:490,_ZN7testing8internal15TestFactoryImplIN3foo50DBFileTest_AddWhenSubsequentFlushesTakesPlace_TestEED1Ev
FN:490,_ZN7testing8internal15TestFactoryImplIN3foo50DBFileTest_AddWhenSubsequentFlushesTakesPlace_TestEED2Ev
FN:490,_ZN7testing8internal15TestFactoryImplIN3foo40DBFileTest_AddAfterASeriesOfGetNext_TestEED2Ev
FN:490,_ZN7testing8internal15TestFactoryImplIN3foo27DBFileTest_OpenSuccess_TestEED1Ev
FN:490,_ZN7testing8internal15TestFactoryImplIN3foo56DBFileTest_MoveFirstWhenGetNextHaveBeenCalledBefore_TestEED2Ev
FN:490,_ZN7testing8internal15TestFactoryImplIN3foo46DBFileTest_CreateFailureWhenFileIsInvalid_TestEEC2Ev
FN:490,_ZN7testing8internal15TestFactoryImplIN3foo40DBFileTest_AddAfterASeriesOfGetNext_TestEEC2Ev
FN:490,_ZN7testing8internal15TestFactoryImplIN3foo49DBFileTest_OpenFailureWhenAFileDoesNotExists_TestEED1Ev
FN:490,_ZN7testing8internal15TestFactoryImplIN3foo27DBFileTest_LoadSuccess_TestEEC2Ev
FN:490,_ZN7testing8internal15TestFactoryImplIN3foo56DBFileTest_CreateFailureWhenFileNameIsAnEmptyString_TestEEC2Ev
FN:490,_ZN7testing8internal15TestFactoryImplIN3foo56DBFileTest_CreateFailureWhenFileNameIsAnEmptyString_TestEED2Ev
FN:490,_ZN7testing8internal15TestFactoryImplIN3foo40DBFileTest_MoveFirstWithoutCreation_TestEED2Ev
FN:490,_ZN7testing8internal15TestFactoryImplIN3foo29DBFileTest_CreateSuccess_TestEED2Ev
FN:490,_ZN7testing8internal15TestFactoryImplIN3foo51DBFileTest_CreateFailureWhenFileNameIsTooLarge_TestEED2Ev
FN:490,_ZN7testing8internal15TestFactoryImplIN3foo40DBFileTest_MoveFirstWithoutCreation_TestEEC2Ev
FN:490,_ZN7testing8internal15TestFactoryImplIN3foo56DBFileTest_CreateFailureWhenFileNameIsAnEmptyString_TestEED0Ev
FN:490,_ZN7testing8internal15TestFactoryImplIN3foo58DBFileTest_OpenFailureOnInvalidFileTypeInMetadataFile_TestEED1Ev
FN:490,_ZN7testing8internal15TestFactoryImplIN3foo46DBFileTest_CreateFailureWhenFileIsInvalid_TestEED2Ev
FN:490,_ZN7testing8internal15TestFactoryImplIN3foo27DBFileTest_LoadSuccess_TestEED2Ev
FN:490,_ZN7testing8internal15TestFactoryImplIN3foo40DBFileTest_AddAfterASeriesOfGetNext_TestEED1Ev
FN:490,_ZN7testing8internal15TestFactoryImplIN3foo29DBFileTest_CreateSuccess_TestEED0Ev
FN:490,_ZN7testing8internal15TestFactoryImplIN3foo47DBFileTest_SuccessfullyAddRecordIntoBuffer_TestEED1Ev
FN:490,_ZN7testing8internal15TestFactoryImplIN3foo46DBFileTest_OpenFailureMissingMetadataFile_TestEEC1Ev
FN:490,_ZN7testing8internal15TestFactoryImplIN3foo40DBFileTest_AddWhenANewPageIsCreated_TestEED0Ev
FN:490,_ZN7testing8internal15TestFactoryImplIN3foo58DBFileTest_OpenFailureOnInvalidFileTypeInMetadataFile_TestEED2Ev
FN:490,_ZN7testing8internal15TestFactoryImplIN3foo43DBFileTest_AddWhenFirstFlushTakesPlace_TestEED1Ev
FN:490,_ZN7testing8internal15TestFactoryImplIN3foo56DBFileTest_CreateFailureWhenFileNameIsAnEmptyString_TestEEC1Ev
FN:490,_ZN7testing8internal15TestFactoryImplIN3foo40DBFileTest_AddAfterASeriesOfGetNext_TestEED0Ev
FN:490,_ZN7testing8internal15TestFactoryImplIN3foo62DBFileTest_AddWhenAnExistingPartiallyFilledPageIsUtilized_TestEED2Ev
FN:490,_ZN7testing8internal15TestFactoryImplIN3foo49DBFileTest_OpenFailureWhenAFileNameIsInvalid_TestEED2Ev
FN:490,_ZN7testing8internal15TestFactoryImplIN3foo51DBFileTest_CreateFailureWhenFileNameIsTooLarge_TestEED0Ev
FN:490,_ZN7testing8internal15TestFactoryImplIN3foo56DBFileTest_CreateFailureWhenFileNameIsAnEmptyString_TestEED1Ev
FN:490,_ZN7testing8internal15TestFactoryImplIN3foo38DBFileTest_MoveFirstWithNoRecords_TestEEC2Ev
FN:490,_ZN7testing8internal15TestFactoryImplIN3foo40DBFileTest_MoveFirstWithoutCreation_TestEEC1Ev
FN:490,_ZN7testing8internal15TestFactoryImplIN3foo50DBFileTest_AddWhenSubsequentFlushesTakesPlace_TestEED0Ev
FN:490,_ZN7testing8internal15TestFactoryImplIN3foo29DBFileTest_CreateSuccess_TestEEC1Ev
FN:490,_ZN7testing8internal15TestFactoryImplIN3foo62DBFileTest_AddWhenAnExistingPartiallyFilledPageIsUtilized_TestEEC2Ev
FN:490,_ZN7testing8internal15TestFactoryImplIN3foo64DBFileTest_AddWhenItJustAddsToBufferWithoutCreatingANewPage_TestEED1Ev
FN:490,_ZN7testing8internal15TestFactoryImplIN3foo46DBFileTest_OpenFailureMissingMetadataFile_TestEED1Ev
FN:492,_ZN7testing8internal15TestFactoryImplIN3foo56DBFileTest_CreateFailureWhenFileNameIsAnEmptyString_TestEE10CreateTestEv
FN:492,_ZN7testing8internal15TestFactoryImplIN3foo40DBFileTest_AddWhenANewPageIsCreated_TestEE10CreateTestEv
FN:492,_ZN7testing8internal15TestFactoryImplIN3foo38DBFileTest_MoveFirstWithNoRecords_TestEE10CreateTestEv
FN:492,_ZN7testing8internal15TestFactoryImplIN3foo62DBFileTest_AddWhenAnExistingPartiallyFilledPageIsUtilized_TestEE10CreateTestEv
FN:492,_ZN7testing8internal15TestFactoryImplIN3foo49DBFileTest_OpenFailureWhenAFileNameIsInvalid_TestEE10CreateTestEv
FN:492,_ZN7testing8internal15TestFactoryImplIN3foo43DBFileTest_AddWhenFirstFlushTakesPlace_TestEE10CreateTestEv
FN:492,_ZN7testing8internal15TestFactoryImplIN3foo43DBFileTest_LoadWithNoExistingTableFile_TestEE10CreateTestEv
FN:492,_ZN7testing8internal15TestFactoryImplIN3foo51DBFileTest_CreateFailureWhenFileNameIsTooLarge_TestEE10CreateTestEv
FN:492,_ZN7testing8internal15TestFactoryImplIN3foo38DBFileTest_MoveFirstOnFirstRecord_TestEE10CreateTestEv
FN:492,_ZN7testing8internal15TestFactoryImplIN3foo56DBFileTest_MoveFirstWhenGetNextHaveBeenCalledBefore_TestEE10CreateTestEv
FN:492,_ZN7testing8internal15TestFactoryImplIN3foo47DBFileTest_SuccessfullyAddRecordIntoBuffer_TestEE10CreateTestEv
FN:492,_ZN7testing8internal15TestFactoryImplIN3foo27DBFileTest_LoadSuccess_TestEE10CreateTestEv
FN:492,_ZN7testing8internal15TestFactoryImplIN3foo46DBFileTest_CreateFailureWhenFileIsInvalid_TestEE10CreateTestEv
FN:492,_ZN7testing8internal15TestFactoryImplIN3foo40DBFileTest_AddAfterASeriesOfGetNext_TestEE10CreateTestEv
FN:492,_ZN7testing8internal15TestFactoryImplIN3foo49DBFileTest_OpenFailureWhenAFileDoesNotExists_TestEE10CreateTestEv
FN:492,_ZN7testing8internal15TestFactoryImplIN3foo58DBFileTest_OpenFailureOnInvalidFileTypeInMetadataFile_TestEE10CreateTestEv
FN:492,_ZN7testing8internal15TestFactoryImplIN3foo29DBFileTest_CreateSuccess_TestEE10CreateTestEv
FN:492,_ZN7testing8internal15TestFactoryImplIN3foo64DBFileTest_AddWhenItJustAddsToBufferWithoutCreatingANewPage_TestEE10CreateTestEv
FN:492,_ZN7testing8internal15TestFactoryImplIN3foo50DBFileTest_AddWhenSubsequentFlushesTakesPlace_TestEE10CreateTestEv
FN:492,_ZN7testing8internal15TestFactoryImplIN3foo40DBFileTest_MoveFirstWithoutCreation_TestEE10CreateTestEv
FN:492,_ZN7testing8internal15TestFactoryImplIN3foo27DBFileTest_OpenSuccess_TestEE10CreateTestEv
FN:492,_ZN7testing8internal15TestFactoryImplIN3foo36DBFileTest_LoadWithNoOpenDBFile_TestEE10CreateTestEv
FN:492,_ZN7testing8internal15TestFactoryImplIN3foo46DBFileTest_OpenFailureMissingMetadataFile_TestEE10CreateTestEv
FN:512,_ZN7testing8internal12CodeLocationD1Ev
FN:512,_ZN7testing8internal12CodeLocationD2Ev
FN:513,_ZN7testing8internal12CodeLocationC1ERKNSt3__112basic_stringIcNS2_11char_traitsIcEENS2_9allocatorIcEEEEi
FN:513,_ZN7testing8internal12CodeLocationC2ERKNSt3__112basic_stringIcNS2_11char_traitsIcEENS2_9allocatorIcEEEEi
FN:526,_ZN7testing8internal19GetNotDefaultOrNullEPFvvES2_
FN:541,_ZN7testing8internal16SuiteApiResolverIN3foo10DBFileTestEE19GetSetUpCaseOrSuiteEv
FN:554,_ZN7testing8internal16SuiteApiResolverIN3foo10DBFileTestEE22GetTearDownCaseOrSuiteEv
FN:849,_ZN7testing8internal12ConstCharPtrC2EPKc
FN:849,_ZN7testing8internal12ConstCharPtrC1EPKc
FN:850,_ZNK7testing8internal12ConstCharPtrcvbEv
FNDA:23,_ZN7testing8internal9GetTypeIdIN3foo10DBFileTestEEEPKvv
FNDA:0,_ZN7testing8internal15TestFactoryBaseD1Ev
FNDA:0,_ZN7testing8internal15TestFactoryBaseD0Ev
FNDA:23,_ZN7testing8internal15TestFactoryBaseD2Ev
FNDA:23,_ZN7testing8internal15TestFactoryBaseC2Ev
FNDA:1,_ZN7testing8internal15TestFactoryImplIN3foo29DBFileTest_CreateSuccess_TestEEC1Ev
FNDA:1,_ZN7testing8internal15TestFactoryImplIN3foo51DBFileTest_CreateFailureWhenFileNameIsTooLarge_TestEEC1Ev
[...]
FNDA:425218,_ZN10TwoWayListI6RecordE4NodeD1Ev
FNDA:425218,_ZN10TwoWayListI6RecordE4NodeD2Ev
FNF:4
FNH:4
DA:55,2449680
DA:59,850436
DA:60,1700872
DA:61,850436
LF:4
LH:4
end_of_record
TN:
SF:/Users/akashshingte/Projects/Cpp/DBI - Assignment 1/P1/ComparisonEngine.cc
FN:11,_ZN16ComparisonEngine7CompareEP6RecordS1_P10OrderMaker
FN:77,_ZN16ComparisonEngine7CompareEP6RecordP10OrderMakerS1_S3_
FN:141,_ZN16ComparisonEngine7CompareEP6RecordS1_P3CNF
FN:171,_ZN16ComparisonEngine7CompareEP6RecordS1_S1_P3CNF
FN:201,_ZN16ComparisonEngine3RunEP6RecordS1_P10Comparison
FN:297,_ZN16ComparisonEngine3RunEP6RecordS1_S1_P10Comparison
FNDA:2,_ZN16ComparisonEngine7CompareEP6RecordS1_P10OrderMaker
FNDA:0,_ZN16ComparisonEngine7CompareEP6RecordP10OrderMakerS1_S3_
FNDA:0,_ZN16ComparisonEngine7CompareEP6RecordS1_P3CNF
FNDA:0,_ZN16ComparisonEngine7CompareEP6RecordS1_S1_P3CNF
FNDA:0,_ZN16ComparisonEngine3RunEP6RecordS1_P10Comparison
FNDA:0,_ZN16ComparisonEngine3RunEP6RecordS1_S1_P10Comparison
FNF:6
FNH:1
DA:16,4
DA:17,2
DA:19,70
DA:20,32
DA:21,32
DA:28,32
DA:34,8
DA:35,8
DA:38,8
DA:39,0
DA:40,8
DA:41,0
DA:49,8
DA:50,8
DA:53,8
DA:54,0
DA:55,8
DA:56,0
DA:62,16
DA:63,16
DA:64,0
DA:66,16
DA:68,32
DA:70,2
DA:71,2
DA:82,0
DA:83,0
DA:85,0
DA:86,0
DA:87,0
DA:94,0
DA:100,0
DA:101,0
DA:104,0
DA:105,0
DA:106,0
DA:107,0
DA:115,0
DA:116,0
DA:119,0
DA:120,0
DA:121,0
DA:122,0
DA:128,0
DA:129,0
DA:130,0
DA:132,0
DA:134,0
DA:136,0
DA:137,0
DA:144,0
DA:146,0
DA:149,0
DA:151,0
DA:152,0
DA:156,0
DA:157,0
DA:159,0
DA:167,0
DA:168,0
DA:174,0
DA:176,0
DA:179,0
DA:181,0
DA:182,0
DA:186,0
DA:187,0
DA:189,0
DA:197,0
DA:198,0
DA:205,0
DA:206,0
DA:209,0
DA:210,0
DA:211,0
DA:212,0
DA:216,0
DA:217,0
DA:218,0
DA:219,0
DA:226,0
DA:231,0
DA:232,0
DA:235,0
DA:238,0
DA:242,0
DA:246,0
DA:253,0
DA:254,0
DA:257,0
DA:260,0
DA:264,0
DA:268,0
DA:277,0
DA:278,0
DA:281,0
DA:285,0
DA:289,0
DA:294,0
DA:302,0
DA:303,0
DA:304,0
DA:307,0
DA:310,0
DA:311,0
DA:314,0
DA:315,0
DA:318,0
DA:319,0
DA:323,0
DA:326,0
DA:327,0
DA:330,0
DA:331,0
DA:334,0
DA:335,0
DA:342,0
DA:347,0
DA:348,0
DA:351,0
DA:354,0
DA:358,0
DA:362,0
DA:369,0
DA:370,0
DA:373,0
DA:376,0
DA:380,0
DA:384,0
DA:393,0
DA:394,0
DA:397,0
DA:401,0
DA:405,0
DA:410,0
LF:135
LH:20
end_of_record
TN:
SF:/Applications/Xcode.app/Contents/Developer/Toolchains/XcodeDefault.xctoolchain/usr/include/c++/v1/__locale
FN:236,_ZNSt3__19use_facetINS_5ctypeIcEEEERKT_RKNS_6localeE
FN:651,_ZNKSt3__15ctypeIcE5widenEc
FNDA:0,_ZNSt3__19use_facetINS_5ctypeIcEEEERKT_RKNS_6localeE
FNDA:0,_ZNKSt3__15ctypeIcE5widenEc
FNF:2
FNH:0
DA:238,0
DA:653,0
LF:2
LH:0
end_of_record
SF:/Applications/Xcode.app/Contents/Developer/Toolchains/XcodeDefault.xctoolchain/usr/include/c++/v1/__nullptr
FN:31,_ZNSt3__19nullptr_tC2EMNS0_5__natEi
FN:31,_ZNSt3__19nullptr_tC1EMNS0_5__natEi
FN:37,_ZNKSt3__19nullptr_tcvPT_INS_15basic_streambufIcNS_11char_traitsIcEEEEEEv
FN:47,_ZNSt3__115__get_nullptr_tEv
FNDA:823,_ZNSt3__19nullptr_tC1EMNS0_5__natEi
FNDA:823,_ZNSt3__19nullptr_tC2EMNS0_5__natEi
FNDA:823,_ZNKSt3__19nullptr_tcvPT_INS_15basic_streambufIcNS_11char_traitsIcEEEEEEv
FNDA:823,_ZNSt3__115__get_nullptr_tEv
FNF:4
FNH:4
DA:31,3292
DA:37,1646
DA:47,1646
LF:3
LH:3
end_of_record
SF:/Applications/Xcode.app/Contents/Developer/Toolchains/XcodeDefault.xctoolchain/usr/include/c++/v1/__string
FN:208,_ZNSt3__111char_traitsIcE6assignERcRKc
FN:217,_ZNSt3__111char_traitsIcE6lengthEPKc
FN:227,_ZNSt3__111char_traitsIcE6assignEPcmc
FN:234,_ZNSt3__111char_traitsIcE11to_int_typeEc
FN:236,_ZNSt3__111char_traitsIcE11eq_int_typeEii
FN:238,_ZNSt3__111char_traitsIcE3eofEv
FNDA:0,_ZNSt3__111char_traitsIcE6assignERcRKc
FNDA:352,_ZNSt3__111char_traitsIcE6lengthEPKc
FNDA:0,_ZNSt3__111char_traitsIcE6assignEPcmc
FNDA:0,_ZNSt3__111char_traitsIcE11to_int_typeEc
FNDA:0,_ZNSt3__111char_traitsIcE11eq_int_typeEii
FNDA:0,_ZNSt3__111char_traitsIcE3eofEv
FNF:6
FNH:1
DA:208,0
DA:217,704
DA:228,0
DA:235,0
DA:237,0
DA:239,0
LF:6
LH:1
end_of_record
SF:/Applications/Xcode.app/Contents/Developer/Toolchains/XcodeDefault.xctoolchain/usr/include/c++/v1/ios
FN:340,_ZNKSt3__18ios_base5rdbufEv
FN:440,_ZNKSt3__18ios_base5flagsEv
FN:502,_ZNKSt3__18ios_base5widthEv
FN:509,_ZNSt3__18ios_base5widthEl
FN:527,_ZNSt3__18ios_base8setstateEj
FN:611,_ZNSt3__19basic_iosIcNS_11char_traitsIcEEE8setstateEj
FN:716,_ZNKSt3__19basic_iosIcNS_11char_traitsIcEEE5rdbufEv
FN:754,_ZNKSt3__19basic_iosIcNS_11char_traitsIcEEE5widenEc
FN:762,_ZNKSt3__19basic_iosIcNS_11char_traitsIcEEE4fillEv
FNDA:0,_ZNKSt3__18ios_base5rdbufEv
FNDA:0,_ZNKSt3__18ios_base5flagsEv
FNDA:823,_ZNKSt3__18ios_base5widthEv
FNDA:823,_ZNSt3__18ios_base5widthEl
FNDA:0,_ZNSt3__18ios_base8setstateEj
FNDA:0,_ZNSt3__19basic_iosIcNS_11char_traitsIcEEE8setstateEj
FNDA:0,_ZNKSt3__19basic_iosIcNS_11char_traitsIcEEE5rdbufEv
FNDA:0,_ZNKSt3__19basic_iosIcNS_11char_traitsIcEEE5widenEc
FNDA:0,_ZNKSt3__19basic_iosIcNS_11char_traitsIcEEE4fillEv
FNF:9
FNH:2
DA:340,0
DA:442,0
DA:504,1646
DA:511,1646
DA:512,823
DA:513,823
DA:529,0
DA:530,0
DA:611,0
DA:718,0
DA:756,0
DA:757,0
DA:764,0
DA:765,0
DA:766,0
LF:15
LH:4
end_of_record
SF:/Applications/Xcode.app/Contents/Developer/Toolchains/XcodeDefault.xctoolchain/usr/include/c++/v1/iterator
FN:1049,_ZNSt3__119ostreambuf_iteratorIcNS_11char_traitsIcEEEC2ERNS_13basic_ostreamIcS2_EE
FN:1049,_ZNSt3__119ostreambuf_iteratorIcNS_11char_traitsIcEEEC1ERNS_13basic_ostreamIcS2_EE
FN:1062,_ZNKSt3__119ostreambuf_iteratorIcNS_11char_traitsIcEEE6failedEv
FNDA:0,_ZNSt3__119ostreambuf_iteratorIcNS_11char_traitsIcEEEC1ERNS_13basic_ostreamIcS2_EE
FNDA:0,_ZNSt3__119ostreambuf_iteratorIcNS_11char_traitsIcEEEC2ERNS_13basic_ostreamIcS2_EE
FNDA:0,_ZNKSt3__119ostreambuf_iteratorIcNS_11char_traitsIcEEE6failedEv
FNF:3
FNH:0
DA:1050,0
DA:1062,0
LF:2
LH:0
end_of_record
SF:/Applications/Xcode.app/Contents/Developer/Toolchains/XcodeDefault.xctoolchain/usr/include/c++/v1/locale
FN:1381,_ZNSt3__116__pad_and_outputIcNS_11char_traitsIcEEEENS_19ostreambuf_iteratorIT_T0_EES6_PKS4_S8_S8_RNS_8ios_baseES4_
FNDA:823,_ZNSt3__116__pad_and_outputIcNS_11char_traitsIcEEEENS_19ostreambuf_iteratorIT_T0_EES6_PKS4_S8_S8_RNS_8ios_baseES4_
FNF:1
FNH:1
DA:1385,1646
DA:1386,0
DA:1387,823
DA:1388,823
DA:1389,823
DA:1390,0
DA:1393,823
DA:1394,823
DA:1396,0
DA:1398,0
DA:1399,0
DA:1402,823
DA:1404,0
DA:1405,0
DA:1407,0
DA:1408,0
DA:1410,0
DA:1411,823
DA:1412,823
DA:1414,823
DA:1416,0
DA:1417,0
DA:1420,823
DA:1421,823
DA:1422,823
LF:25
LH:13
end_of_record
SF:/Applications/Xcode.app/Contents/Developer/Toolchains/XcodeDefault.xctoolchain/usr/include/c++/v1/memory
FN:986,_ZNSt3__114pointer_traitsIPKcE10pointer_toERS1_
FN:986,_ZNSt3__114pointer_traitsIPcE10pointer_toERc
FN:1104,_ZNSt3__116__to_raw_pointerIKcEEPT_S3_
FN:1104,_ZNSt3__116__to_raw_pointerIcEEPT_S2_
FN:1546,_ZNSt3__116allocator_traitsINS_9allocatorIcEEE8allocateERS2_m
FN:1554,_ZNSt3__116allocator_traitsINS_9allocatorIcEEE10deallocateERS2_Pcm
FN:1598,_ZNSt3__116allocator_traitsINS_9allocatorIcEEE8max_sizeERKS2_
FN:1736,_ZNSt3__116allocator_traitsINS_9allocatorIcEEE10__max_sizeENS_17integral_constantIbLb1EEERKS2_
FN:1781,_ZNSt3__19allocatorIcEC2Ev
FN:1788,_ZNSt3__19allocatorIcE8allocateEmPKv
FN:1795,_ZNSt3__19allocatorIcE10deallocateEPcm
FN:1797,_ZNKSt3__19allocatorIcE8max_sizeEv
FN:2105,_ZNSt3__122__compressed_pair_elemINS_12basic_stringIcNS_11char_traitsIcEENS_9allocatorIcEEE5__repELi0ELb0EEC2Ev
FN:2110,_ZNSt3__122__compressed_pair_elemINS_12basic_stringIcNS_11char_traitsIcEENS_9allocatorIcEEE5__repELi0ELb0EE5__getEv
FN:2112,_ZNKSt3__122__compressed_pair_elemINS_12basic_stringIcNS_11char_traitsIcEENS_9allocatorIcEEE5__repELi0ELb0EE5__getEv
FN:2142,_ZNSt3__122__compressed_pair_elemINS_9allocatorIcEELi1ELb1EEC2Ev
FN:2148,_ZNSt3__122__compressed_pair_elemINS_9allocatorIcEELi1ELb1EE5__getEv
FN:2150,_ZNKSt3__122__compressed_pair_elemINS_9allocatorIcEELi1ELb1EE5__getEv
FN:2210,_ZNSt3__117__compressed_pairINS_12basic_stringIcNS_11char_traitsIcEENS_9allocatorIcEEE5__repES5_EC1Ev
FN:2210,_ZNSt3__117__compressed_pairINS_12basic_stringIcNS_11char_traitsIcEENS_9allocatorIcEEE5__repES5_EC2Ev
FN:2225,_ZNSt3__117__compressed_pairINS_12basic_stringIcNS_11char_traitsIcEENS_9allocatorIcEEE5__repES5_E5firstEv
FN:2230,_ZNKSt3__117__compressed_pairINS_12basic_stringIcNS_11char_traitsIcEENS_9allocatorIcEEE5__repES5_E5firstEv
FN:2235,_ZNSt3__117__compressed_pairINS_12basic_stringIcNS_11char_traitsIcEENS_9allocatorIcEEE5__repES5_E6secondEv
FN:2240,_ZNKSt3__117__compressed_pairINS_12basic_stringIcNS_11char_traitsIcEENS_9allocatorIcEEE5__repES5_E6secondEv
FNDA:0,_ZNSt3__114pointer_traitsIPcE10pointer_toERc
FNDA:0,_ZNSt3__114pointer_traitsIPKcE10pointer_toERS1_
FNDA:0,_ZNSt3__116__to_raw_pointerIcEEPT_S2_
FNDA:0,_ZNSt3__116__to_raw_pointerIKcEEPT_S3_
FNDA:0,_ZNSt3__116allocator_traitsINS_9allocatorIcEEE8allocateERS2_m
FNDA:0,_ZNSt3__116allocator_traitsINS_9allocatorIcEEE10deallocateERS2_Pcm
FNDA:0,_ZNSt3__116allocator_traitsINS_9allocatorIcEEE8max_sizeERKS2_
FNDA:0,_ZNSt3__116allocator_traitsINS_9allocatorIcEEE10__max_sizeENS_17integral_constantIbLb1EEERKS2_
FNDA:0,_ZNSt3__19allocatorIcEC2Ev
FNDA:0,_ZNSt3__19allocatorIcE8allocateEmPKv
FNDA:0,_ZNSt3__19allocatorIcE10deallocateEPcm
FNDA:0,_ZNKSt3__19allocatorIcE8max_sizeEv
FNDA:0,_ZNSt3__122__compressed_pair_elemINS_12basic_stringIcNS_11char_traitsIcEENS_9allocatorIcEEE5__repELi0ELb0EEC2Ev
FNDA:0,_ZNSt3__122__compressed_pair_elemINS_12basic_stringIcNS_11char_traitsIcEENS_9allocatorIcEEE5__repELi0ELb0EE5__getEv
FNDA:0,_ZNKSt3__122__compressed_pair_elemINS_12basic_stringIcNS_11char_traitsIcEENS_9allocatorIcEEE5__repELi0ELb0EE5__getEv
FNDA:0,_ZNSt3__122__compressed_pair_elemINS_9allocatorIcEELi1ELb1EEC2Ev
FNDA:0,_ZNSt3__122__compressed_pair_elemINS_9allocatorIcEELi1ELb1EE5__getEv
FNDA:0,_ZNKSt3__122__compressed_pair_elemINS_9allocatorIcEELi1ELb1EE5__getEv
FNDA:0,_ZNSt3__117__compressed_pairINS_12basic_stringIcNS_11char_traitsIcEENS_9allocatorIcEEE5__repES5_EC1Ev
FNDA:0,_ZNSt3__117__compressed_pairINS_12basic_stringIcNS_11char_traitsIcEENS_9allocatorIcEEE5__repES5_EC2Ev
FNDA:0,_ZNSt3__117__compressed_pairINS_12basic_stringIcNS_11char_traitsIcEENS_9allocatorIcEEE5__repES5_E5firstEv
FNDA:0,_ZNKSt3__117__compressed_pairINS_12basic_stringIcNS_11char_traitsIcEENS_9allocatorIcEEE5__repES5_E5firstEv
FNDA:0,_ZNSt3__117__compressed_pairINS_12basic_stringIcNS_11char_traitsIcEENS_9allocatorIcEEE5__repES5_E6secondEv
FNDA:0,_ZNKSt3__117__compressed_pairINS_12basic_stringIcNS_11char_traitsIcEENS_9allocatorIcEEE5__repES5_E6secondEv
FNF:24
FNH:0
DA:988,0
DA:1106,0
DA:1547,0
DA:1555,0
DA:1599,0
DA:1737,0
DA:1781,0
DA:1790,0
DA:1791,0
DA:1793,0
DA:1796,0
DA:1798,0
DA:2105,0
DA:2110,0
DA:2112,0
DA:2142,0
DA:2148,0
DA:2150,0
DA:2210,0
DA:2226,0
DA:2231,0
DA:2236,0
DA:2241,0
LF:23
LH:0
end_of_record
SF:/Applications/Xcode.app/Contents/Developer/Toolchains/XcodeDefault.xctoolchain/usr/include/c++/v1/new
FN:224,_ZNSt3__110__allocateEm
FN:232,_ZNSt3__119__libcpp_deallocateEPv
FNDA:0,_ZNSt3__110__allocateEm
FNDA:0,_ZNSt3__119__libcpp_deallocateEPv
FNF:2
FNH:0
DA:228,0
DA:236,0
DA:238,0
LF:3
LH:0
end_of_record
SF:/Applications/Xcode.app/Contents/Developer/Toolchains/XcodeDefault.xctoolchain/usr/include/c++/v1/ostream
FN:254,_ZNKSt3__113basic_ostreamIcNS_11char_traitsIcEEE6sentrycvbEv
FN:714,_ZNSt3__124__put_character_sequenceIcNS_11char_traitsIcEEEERNS_13basic_ostreamIT_T0_EES7_PKS4_m
FN:862,_ZNSt3__1lsINS_11char_traitsIcEEEERNS_13basic_ostreamIcT_EES6_PKc
FNDA:0,_ZNKSt3__113basic_ostreamIcNS_11char_traitsIcEEE6sentrycvbEv
FNDA:0,_ZNSt3__124__put_character_sequenceIcNS_11char_traitsIcEEEERNS_13basic_ostreamIT_T0_EES7_PKS4_m
FNDA:352,_ZNSt3__1lsINS_11char_traitsIcEEEERNS_13basic_ostreamIcT_EES6_PKc
FNF:3
FNH:1
DA:254,0
DA:721,0
DA:722,0
DA:725,0
DA:727,0
DA:728,0
DA:731,0
DA:732,0
DA:733,0
DA:736,0
DA:739,0
DA:740,0
DA:742,0
DA:743,0
DA:864,704
LF:15
LH:1
end_of_record
SF:/Applications/Xcode.app/Contents/Developer/Toolchains/XcodeDefault.xctoolchain/usr/include/c++/v1/stdexcept
FN:136,_ZNSt12length_errorC2EPKc
FN:136,_ZNSt12length_errorC1EPKc
FN:222,_ZNSt3__120__throw_length_errorEPKc
FNDA:0,_ZNSt12length_errorC1EPKc
FNDA:0,_ZNSt12length_errorC2EPKc
FNDA:0,_ZNSt3__120__throw_length_errorEPKc
FNF:3
FNH:0
DA:136,0
DA:225,0
DA:230,0
LF:3
LH:0
end_of_record
SF:/Applications/Xcode.app/Contents/Developer/Toolchains/XcodeDefault.xctoolchain/usr/include/c++/v1/streambuf
FN:226,_ZNSt3__115basic_streambufIcNS_11char_traitsIcEEE5sputnEPKcl
FNDA:823,_ZNSt3__115basic_streambufIcNS_11char_traitsIcEEE5sputnEPKcl
FNF:1
FNH:1
DA:227,1646
LF:1
LH:1
end_of_record
SF:/Applications/Xcode.app/Contents/Developer/Toolchains/XcodeDefault.xctoolchain/usr/include/c++/v1/string
FN:1137,_ZNKSt3__112basic_stringIcNS_11char_traitsIcEENS_9allocatorIcEEE4dataEv
FN:1254,_ZNKSt3__112basic_stringIcNS_11char_traitsIcEENS_9allocatorIcEEE9__is_longEv
FN:1268,_ZNSt3__112basic_stringIcNS_11char_traitsIcEENS_9allocatorIcEEE7__allocEv
FN:1271,_ZNKSt3__112basic_stringIcNS_11char_traitsIcEENS_9allocatorIcEEE7__allocEv
FN:1295,_ZNSt3__112basic_stringIcNS_11char_traitsIcEENS_9allocatorIcEEE16__set_short_sizeEm
FN:1313,_ZNSt3__112basic_stringIcNS_11char_traitsIcEENS_9allocatorIcEEE15__set_long_sizeEm
FN:1323,_ZNSt3__112basic_stringIcNS_11char_traitsIcEENS_9allocatorIcEEE14__set_long_capEm
FN:1326,_ZNKSt3__112basic_stringIcNS_11char_traitsIcEENS_9allocatorIcEEE14__get_long_capEv
FN:1330,_ZNSt3__112basic_stringIcNS_11char_traitsIcEENS_9allocatorIcEEE18__set_long_pointerEPc
FN:1333,_ZNSt3__112basic_stringIcNS_11char_traitsIcEENS_9allocatorIcEEE18__get_long_pointerEv
FN:1336,_ZNKSt3__112basic_stringIcNS_11char_traitsIcEENS_9allocatorIcEEE18__get_long_pointerEv
FN:1339,_ZNSt3__112basic_stringIcNS_11char_traitsIcEENS_9allocatorIcEEE19__get_short_pointerEv
FN:1342,_ZNKSt3__112basic_stringIcNS_11char_traitsIcEENS_9allocatorIcEEE19__get_short_pointerEv
FN:1348,_ZNKSt3__112basic_stringIcNS_11char_traitsIcEENS_9allocatorIcEEE13__get_pointerEv
FN:1361,_ZNSt3__112basic_stringIcNS_11char_traitsIcEENS_9allocatorIcEEE10__align_itILm16EEEmm
FN:1365,_ZNSt3__112basic_stringIcNS_11char_traitsIcEENS_9allocatorIcEEE11__recommendEm
FN:1716,_ZNSt3__112basic_stringIcNS_11char_traitsIcEENS_9allocatorIcEEE6__initEmc
FN:1740,_ZNSt3__112basic_stringIcNS_11char_traitsIcEENS_9allocatorIcEEEC2Emc
FN:1740,_ZNSt3__112basic_stringIcNS_11char_traitsIcEENS_9allocatorIcEEEC1Emc
FN:1935,_ZNSt3__112basic_stringIcNS_11char_traitsIcEENS_9allocatorIcEEED1Ev
FN:1935,_ZNSt3__112basic_stringIcNS_11char_traitsIcEENS_9allocatorIcEEED2Ev
FN:2904,_ZNKSt3__112basic_stringIcNS_11char_traitsIcEENS_9allocatorIcEEE8max_sizeEv
FNDA:0,_ZNKSt3__112basic_stringIcNS_11char_traitsIcEENS_9allocatorIcEEE4dataEv
FNDA:0,_ZNKSt3__112basic_stringIcNS_11char_traitsIcEENS_9allocatorIcEEE9__is_longEv
FNDA:0,_ZNSt3__112basic_stringIcNS_11char_traitsIcEENS_9allocatorIcEEE7__allocEv
FNDA:0,_ZNKSt3__112basic_stringIcNS_11char_traitsIcEENS_9allocatorIcEEE7__allocEv
FNDA:0,_ZNSt3__112basic_stringIcNS_11char_traitsIcEENS_9allocatorIcEEE16__set_short_sizeEm
FNDA:0,_ZNSt3__112basic_stringIcNS_11char_traitsIcEENS_9allocatorIcEEE15__set_long_sizeEm
FNDA:0,_ZNSt3__112basic_stringIcNS_11char_traitsIcEENS_9allocatorIcEEE14__set_long_capEm
FNDA:0,_ZNKSt3__112basic_stringIcNS_11char_traitsIcEENS_9allocatorIcEEE14__get_long_capEv
FNDA:0,_ZNSt3__112basic_stringIcNS_11char_traitsIcEENS_9allocatorIcEEE18__set_long_pointerEPc
FNDA:0,_ZNSt3__112basic_stringIcNS_11char_traitsIcEENS_9allocatorIcEEE18__get_long_pointerEv
FNDA:0,_ZNKSt3__112basic_stringIcNS_11char_traitsIcEENS_9allocatorIcEEE18__get_long_pointerEv
FNDA:0,_ZNSt3__112basic_stringIcNS_11char_traitsIcEENS_9allocatorIcEEE19__get_short_pointerEv
FNDA:0,_ZNKSt3__112basic_stringIcNS_11char_traitsIcEENS_9allocatorIcEEE19__get_short_pointerEv
FNDA:0,_ZNKSt3__112basic_stringIcNS_11char_traitsIcEENS_9allocatorIcEEE13__get_pointerEv
FNDA:0,_ZNSt3__112basic_stringIcNS_11char_traitsIcEENS_9allocatorIcEEE10__align_itILm16EEEmm
FNDA:0,_ZNSt3__112basic_stringIcNS_11char_traitsIcEENS_9allocatorIcEEE11__recommendEm
FNDA:0,_ZNSt3__112basic_stringIcNS_11char_traitsIcEENS_9allocatorIcEEE6__initEmc
FNDA:0,_ZNSt3__112basic_stringIcNS_11char_traitsIcEENS_9allocatorIcEEEC1Emc
FNDA:0,_ZNSt3__112basic_stringIcNS_11char_traitsIcEENS_9allocatorIcEEEC2Emc
FNDA:0,_ZNSt3__112basic_stringIcNS_11char_traitsIcEENS_9allocatorIcEEED1Ev
FNDA:0,_ZNSt3__112basic_stringIcNS_11char_traitsIcEENS_9allocatorIcEEED2Ev
FNDA:0,_ZNKSt3__112basic_stringIcNS_11char_traitsIcEENS_9allocatorIcEEE8max_sizeEv
FNF:22
FNH:0
DA:790,0
DA:1137,0
DA:1255,0
DA:1269,0
DA:1272,0
DA:1299,0
DA:1314,0
DA:1324,0
DA:1327,0
DA:1331,0
DA:1334,0
DA:1337,0
DA:1340,0
DA:1343,0
DA:1349,0
DA:1362,0
DA:1366,0
DA:1367,0
DA:1368,0
DA:1718,0
DA:1719,0
DA:1721,0
DA:1723,0
DA:1724,0
DA:1725,0
DA:1728,0
DA:1729,0
DA:1730,0
DA:1731,0
DA:1732,0
DA:1734,0
DA:1735,0
DA:1736,0
DA:1741,0
DA:1742,0
DA:1746,0
DA:1936,0
DA:1940,0
DA:1941,0
DA:1942,0
DA:2906,0
DA:2910,0
LF:42
LH:0
end_of_record
SF:/Applications/Xcode.app/Contents/Developer/Toolchains/XcodeDefault.xctoolchain/usr/include/c++/v1/type_traits
FN:449,_ZNSt3__19addressofIKcEEPT_RS2_
FN:449,_ZNSt3__19addressofIcEEPT_RS1_
FNDA:0,_ZNSt3__19addressofIcEEPT_RS1_
FNDA:0,_ZNSt3__19addressofIKcEEPT_RS2_
FNF:2
FNH:0
DA:451,0
LF:1
LH:0
end_of_record
SF:/Users/akashshingte/Projects/Cpp/DBI - Assignment 1/P1/Record.cc
FN:8,_ZN6RecordC1Ev
FN:8,_ZN6RecordC2Ev
FN:10,_ZN6RecordD1Ev
FN:10,_ZN6RecordD2Ev
FN:17,_ZN6Record14SuckNextRecordEP6SchemaP7__sFILE
FN:112,_ZN6Record7SetBitsEPc
FN:117,_ZN6Record7GetBitsEv
FN:119,_ZN6Record8CopyBitsEPci
FN:131,_ZN6Record7ConsumeEPS_
FN:137,_ZN6Record4CopyEPS_
FN:149,_ZN6Record7ProjectEPiii
FN:213,_ZN6Record12MergeRecordsEPS_S0_iiPiii
FN:299,_ZN6Record5PrintEP6Schema
FN:343,_ZN6Record13GetRecordSizeEv
FNDA:855666,_ZN6RecordC2Ev
FNDA:855666,_ZN6RecordC1Ev
FNDA:669119,_ZN6RecordD2Ev
FNDA:669119,_ZN6RecordD1Ev
FNDA:242532,_ZN6Record14SuckNextRecordEP6SchemaP7__sFILE
FNDA:0,_ZN6Record7SetBitsEPc
FNDA:1095774,_ZN6Record7GetBitsEv
FNDA:246767,_ZN6Record8CopyBitsEPci
FNDA:1036980,_ZN6Record7ConsumeEPS_
FNDA:2,_ZN6Record4CopyEPS_
FNDA:0,_ZN6Record7ProjectEPiii
FNDA:0,_ZN6Record12MergeRecordsEPS_S0_iiPiii
FNDA:4,_ZN6Record5PrintEP6Schema
FNDA:0,_ZN6Record13GetRecordSizeEv
FNF:14
FNH:10
DA:8,3422664
DA:10,1338238
DA:11,1338238
DA:12,485164
DA:14,669119
DA:15,1338238
DA:19,485064
DA:20,242532
DA:21,0
DA:22,0
DA:25,242532
DA:26,242532
DA:27,0
DA:28,0
DA:32,362886
DA:33,242532
DA:35,242532
DA:36,242532
DA:40,4608044
DA:43,8488488
DA:45,29276031
DA:46,29276031
DA:47,29276031
DA:48,29276031
DA:49,3880448
DA:50,25395583
DA:51,8
DA:52,8
DA:53,4
DA:56,25395579
DA:57,25395579
DA:58,25395579
DA:61,3880448
DA:64,3880448
DA:65,3880448
DA:68,3880448
DA:69,970112
DA:70,970112
DA:72,3880448
DA:75,2425280
DA:76,242528
DA:77,242528
DA:80,970112
DA:81,970112
DA:83,2910336
DA:85,1940224
DA:86,1711388
DA:87,1711388
DA:89,1940224
DA:90,1940224
DA:91,1940224
DA:92,3880448
DA:95,242528
DA:98,242528
DA:99,242528
DA:100,0
DA:101,0
DA:104,242528
DA:106,485056
DA:107,485056
DA:109,242528
DA:110,242532
DA:113,0
DA:114,0
DA:115,0
DA:117,2191548
DA:120,493534
DA:122,246767
DA:123,246767
DA:124,0
DA:125,0
DA:128,246767
DA:129,246767
DA:132,2073960
DA:133,1036980
DA:134,1036980
DA:135,1036980
DA:139,4
DA:140,2
DA:141,2
DA:142,0
DA:143,0
DA:146,2
DA:147,2
DA:151,0
DA:153,0
DA:155,0
DA:157,0
DA:158,0
DA:161,0
DA:162,0
DA:167,0
DA:168,0
DA:169,0
DA:170,0
DA:174,0
DA:178,0
DA:183,0
DA:185,0
DA:187,0
DA:191,0
DA:195,0
DA:198,0
DA:199,0
DA:202,0
DA:206,0
DA:209,0
DA:210,0
DA:216,0
DA:217,0
DA:220,0
DA:221,0
DA:222,0
DA:224,0
DA:225,0
DA:226,0
DA:230,0
DA:233,0
DA:235,0
DA:236,0
DA:238,0
DA:239,0
DA:241,0
DA:243,0
DA:244,0
DA:247,0
DA:248,0
DA:253,0
DA:254,0
DA:255,0
DA:256,0
DA:260,0
DA:263,0
DA:267,0
DA:268,0
DA:270,0
DA:271,0
DA:277,0
DA:279,0
DA:280,0
DA:283,0
DA:284,0
DA:288,0
DA:291,0
DA:292,0
DA:295,0
DA:297,0
DA:300,8
DA:301,4
DA:304,136
DA:306,64
DA:310,64
DA:314,64
DA:317,64
DA:318,16
DA:319,16
DA:322,64
DA:323,16
DA:324,16
DA:327,48
DA:328,32
DA:329,32
DA:330,32
DA:332,64
DA:335,64
DA:336,60
DA:337,60
DA:340,4
DA:341,4
DA:345,0
DA:346,0
LF:171
LH:93
end_of_record
